        -:    0:Source:inc/dependencies/catch.hpp
        -:    0:Programs:5
        -:    1:/*
        -:    2: *  Catch v2.0.1
        -:    3: *  Generated: 2017-11-03 11:53:39.642003
        -:    4: *  ----------------------------------------------------------
        -:    5: *  This file has been merged from multiple headers. Please don't edit it directly
        -:    6: *  Copyright (c) 2017 Two Blue Cubes Ltd. All rights reserved.
        -:    7: *
        -:    8: *  Distributed under the Boost Software License, Version 1.0. (See accompanying
        -:    9: *  file LICENSE_1_0.txt or copy at http://www.boost.org/LICENSE_1_0.txt)
        -:   10: */
        -:   11:#ifndef TWOBLUECUBES_SINGLE_INCLUDE_CATCH_HPP_INCLUDED
        -:   12:#define TWOBLUECUBES_SINGLE_INCLUDE_CATCH_HPP_INCLUDED
        -:   13:// start catch.hpp
        -:   14:
        -:   15:
        -:   16:#ifdef __clang__
        -:   17:#    pragma clang system_header
        -:   18:#elif defined __GNUC__
        -:   19:#    pragma GCC system_header
        -:   20:#endif
        -:   21:
        -:   22:// start catch_suppress_warnings.h
        -:   23:
        -:   24:#ifdef __clang__
        -:   25:#   ifdef __ICC // icpc defines the __clang__ macro
        -:   26:#       pragma warning(push)
        -:   27:#       pragma warning(disable: 161 1682)
        -:   28:#   else // __ICC
        -:   29:#       pragma clang diagnostic ignored "-Wglobal-constructors"
        -:   30:#       pragma clang diagnostic ignored "-Wvariadic-macros"
        -:   31:#       pragma clang diagnostic ignored "-Wc99-extensions"
        -:   32:#       pragma clang diagnostic ignored "-Wunused-variable"
        -:   33:#       pragma clang diagnostic push
        -:   34:#       pragma clang diagnostic ignored "-Wpadded"
        -:   35:#       pragma clang diagnostic ignored "-Wswitch-enum"
        -:   36:#       pragma clang diagnostic ignored "-Wcovered-switch-default"
        -:   37:#    endif
        -:   38:#elif defined __GNUC__
        -:   39:#    pragma GCC diagnostic ignored "-Wvariadic-macros"
        -:   40:#    pragma GCC diagnostic ignored "-Wunused-variable"
        -:   41:#    pragma GCC diagnostic ignored "-Wparentheses"
        -:   42:
        -:   43:#    pragma GCC diagnostic push
        -:   44:#    pragma GCC diagnostic ignored "-Wpadded"
        -:   45:#endif
        -:   46:// end catch_suppress_warnings.h
        -:   47:#if defined(CATCH_CONFIG_MAIN) || defined(CATCH_CONFIG_RUNNER)
        -:   48:#  define CATCH_IMPL
        -:   49:#  define CATCH_CONFIG_EXTERNAL_INTERFACES
        -:   50:#  if defined(CATCH_CONFIG_DISABLE_MATCHERS)
        -:   51:#    undef CATCH_CONFIG_DISABLE_MATCHERS
        -:   52:#  endif
        -:   53:#endif
        -:   54:
        -:   55:// start catch_platform.h
        -:   56:
        -:   57:#ifdef __APPLE__
        -:   58:# include <TargetConditionals.h>
        -:   59:# if TARGET_OS_MAC == 1
        -:   60:#  define CATCH_PLATFORM_MAC
        -:   61:# elif TARGET_OS_IPHONE == 1
        -:   62:#  define CATCH_PLATFORM_IPHONE
        -:   63:# endif
        -:   64:
        -:   65:#elif defined(linux) || defined(__linux) || defined(__linux__)
        -:   66:#  define CATCH_PLATFORM_LINUX
        -:   67:
        -:   68:#elif defined(WIN32) || defined(__WIN32__) || defined(_WIN32) || defined(_MSC_VER)
        -:   69:#  define CATCH_PLATFORM_WINDOWS
        -:   70:#endif
        -:   71:
        -:   72:// end catch_platform.h
        -:   73:#ifdef CATCH_IMPL
        -:   74:#  ifndef CLARA_CONFIG_MAIN
        -:   75:#    define CLARA_CONFIG_MAIN_NOT_DEFINED
        -:   76:#    define CLARA_CONFIG_MAIN
        -:   77:#  endif
        -:   78:#endif
        -:   79:
        -:   80:// start catch_tag_alias_autoregistrar.h
        -:   81:
        -:   82:// start catch_common.h
        -:   83:
        -:   84:// start catch_compiler_capabilities.h
        -:   85:
        -:   86:// Detect a number of compiler features - by compiler
        -:   87:// The following features are defined:
        -:   88://
        -:   89:// CATCH_CONFIG_COUNTER : is the __COUNTER__ macro supported?
        -:   90:// CATCH_CONFIG_WINDOWS_SEH : is Windows SEH supported?
        -:   91:// CATCH_CONFIG_POSIX_SIGNALS : are POSIX signals supported?
        -:   92:// ****************
        -:   93:// Note to maintainers: if new toggles are added please document them
        -:   94:// in configuration.md, too
        -:   95:// ****************
        -:   96:
        -:   97:// In general each macro has a _NO_<feature name> form
        -:   98:// (e.g. CATCH_CONFIG_NO_POSIX_SIGNALS) which disables the feature.
        -:   99:// Many features, at point of detection, define an _INTERNAL_ macro, so they
        -:  100:// can be combined, en-mass, with the _NO_ forms later.
        -:  101:
        -:  102:#ifdef __cplusplus
        -:  103:
        -:  104:#  if __cplusplus >= 201402L
        -:  105:#    define CATCH_CPP14_OR_GREATER
        -:  106:#  endif
        -:  107:
        -:  108:#endif
        -:  109:
        -:  110:#ifdef __clang__
        -:  111:
        -:  112:#       define CATCH_INTERNAL_SUPPRESS_GLOBALS_WARNINGS \
        -:  113:            _Pragma( "clang diagnostic push" ) \
        -:  114:            _Pragma( "clang diagnostic ignored \"-Wexit-time-destructors\"" ) \
        -:  115:            _Pragma( "clang diagnostic ignored \"-Wglobal-constructors\"")
        -:  116:#       define CATCH_INTERNAL_UNSUPPRESS_GLOBALS_WARNINGS \
        -:  117:            _Pragma( "clang diagnostic pop" )
        -:  118:
        -:  119:#       define CATCH_INTERNAL_SUPPRESS_PARENTHESES_WARNINGS \
        -:  120:            _Pragma( "clang diagnostic push" ) \
        -:  121:            _Pragma( "clang diagnostic ignored \"-Wparentheses\"" )
        -:  122:#       define CATCH_INTERNAL_UNSUPPRESS_PARENTHESES_WARNINGS \
        -:  123:            _Pragma( "clang diagnostic pop" )
        -:  124:
        -:  125:#endif // __clang__
        -:  126:
        -:  127:////////////////////////////////////////////////////////////////////////////////
        -:  128:// We know some environments not to support full POSIX signals
        -:  129:#if defined(__CYGWIN__) || defined(__QNX__)
        -:  130:
        -:  131:#   if !defined(CATCH_CONFIG_POSIX_SIGNALS)
        -:  132:#       define CATCH_INTERNAL_CONFIG_NO_POSIX_SIGNALS
        -:  133:#   endif
        -:  134:
        -:  135:#endif
        -:  136:
        -:  137:#ifdef __OS400__
        -:  138:#       define CATCH_INTERNAL_CONFIG_NO_POSIX_SIGNALS
        -:  139:#       define CATCH_CONFIG_COLOUR_NONE
        -:  140:#endif
        -:  141:
        -:  142:////////////////////////////////////////////////////////////////////////////////
        -:  143:// Cygwin
        -:  144:#ifdef __CYGWIN__
        -:  145:
        -:  146:// Required for some versions of Cygwin to declare gettimeofday
        -:  147:// see: http://stackoverflow.com/questions/36901803/gettimeofday-not-declared-in-this-scope-cygwin
        -:  148:#   define _BSD_SOURCE
        -:  149:
        -:  150:#endif // __CYGWIN__
        -:  151:
        -:  152:////////////////////////////////////////////////////////////////////////////////
        -:  153:// Visual C++
        -:  154:#ifdef _MSC_VER
        -:  155:
        -:  156:// Universal Windows platform does not support SEH
        -:  157:// Or console colours (or console at all...)
        -:  158:#  if defined(WINAPI_FAMILY) && (WINAPI_FAMILY == WINAPI_FAMILY_APP)
        -:  159:#    define CATCH_CONFIG_COLOUR_NONE
        -:  160:#  else
        -:  161:#    define CATCH_INTERNAL_CONFIG_WINDOWS_SEH
        -:  162:#  endif
        -:  163:
        -:  164:#endif // _MSC_VER
        -:  165:
        -:  166:////////////////////////////////////////////////////////////////////////////////
        -:  167:
        -:  168:// Use of __COUNTER__ is suppressed during code analysis in
        -:  169:// CLion/AppCode 2017.2.x and former, because __COUNTER__ is not properly
        -:  170:// handled by it.
        -:  171:// Otherwise all supported compilers support COUNTER macro,
        -:  172:// but user still might want to turn it off
        -:  173:#if ( !defined(__JETBRAINS_IDE__) || __JETBRAINS_IDE__ >= 20170300L )
        -:  174:    #define CATCH_INTERNAL_CONFIG_COUNTER
        -:  175:#endif
        -:  176:
        -:  177:#if defined(CATCH_INTERNAL_CONFIG_COUNTER) && !defined(CATCH_CONFIG_NO_COUNTER) && !defined(CATCH_CONFIG_COUNTER)
        -:  178:#   define CATCH_CONFIG_COUNTER
        -:  179:#endif
        -:  180:#if defined(CATCH_INTERNAL_CONFIG_WINDOWS_SEH) && !defined(CATCH_CONFIG_NO_WINDOWS_SEH) && !defined(CATCH_CONFIG_WINDOWS_SEH)
        -:  181:#   define CATCH_CONFIG_WINDOWS_SEH
        -:  182:#endif
        -:  183:// This is set by default, because we assume that unix compilers are posix-signal-compatible by default.
        -:  184:#if !defined(CATCH_INTERNAL_CONFIG_NO_POSIX_SIGNALS) && !defined(CATCH_CONFIG_NO_POSIX_SIGNALS) && !defined(CATCH_CONFIG_POSIX_SIGNALS)
        -:  185:#   define CATCH_CONFIG_POSIX_SIGNALS
        -:  186:#endif
        -:  187:
        -:  188:#if !defined(CATCH_INTERNAL_SUPPRESS_PARENTHESES_WARNINGS)
        -:  189:#   define CATCH_INTERNAL_SUPPRESS_PARENTHESES_WARNINGS
        -:  190:#   define CATCH_INTERNAL_UNSUPPRESS_PARENTHESES_WARNINGS
        -:  191:#endif
        -:  192:#if !defined(CATCH_INTERNAL_SUPPRESS_GLOBALS_WARNINGS)
        -:  193:#   define CATCH_INTERNAL_SUPPRESS_GLOBALS_WARNINGS
        -:  194:#   define CATCH_INTERNAL_UNSUPPRESS_GLOBALS_WARNINGS
        -:  195:#endif
        -:  196:
        -:  197:// end catch_compiler_capabilities.h
        -:  198:#define INTERNAL_CATCH_UNIQUE_NAME_LINE2( name, line ) name##line
        -:  199:#define INTERNAL_CATCH_UNIQUE_NAME_LINE( name, line ) INTERNAL_CATCH_UNIQUE_NAME_LINE2( name, line )
        -:  200:#ifdef CATCH_CONFIG_COUNTER
        -:  201:#  define INTERNAL_CATCH_UNIQUE_NAME( name ) INTERNAL_CATCH_UNIQUE_NAME_LINE( name, __COUNTER__ )
        -:  202:#else
        -:  203:#  define INTERNAL_CATCH_UNIQUE_NAME( name ) INTERNAL_CATCH_UNIQUE_NAME_LINE( name, __LINE__ )
        -:  204:#endif
        -:  205:
        -:  206:#include <iosfwd>
        -:  207:#include <string>
        -:  208:#include <cstdint>
        -:  209:
        -:  210:namespace Catch {
        -:  211:
        -:  212:    struct CaseSensitive { enum Choice {
        -:  213:        Yes,
        -:  214:        No
        -:  215:    }; };
        -:  216:
      335:  217:    class NonCopyable {
        -:  218:        NonCopyable( NonCopyable const& )              = delete;
        -:  219:        NonCopyable( NonCopyable && )                  = delete;
        -:  220:        NonCopyable& operator = ( NonCopyable const& ) = delete;
        -:  221:        NonCopyable& operator = ( NonCopyable && )     = delete;
        -:  222:
        -:  223:    protected:
        -:  224:        NonCopyable();
        -:  225:        virtual ~NonCopyable();
        -:  226:    };
        -:  227:
        -:  228:    struct SourceLineInfo {
        -:  229:
        -:  230:        SourceLineInfo() = delete;
        -:  231:        SourceLineInfo( char const* _file, std::size_t _line ) noexcept;
        -:  232:
        -:  233:        SourceLineInfo( SourceLineInfo const& other )        = default;
        -:  234:        SourceLineInfo( SourceLineInfo && )                  = default;
        -:  235:        SourceLineInfo& operator = ( SourceLineInfo const& ) = default;
        -:  236:        SourceLineInfo& operator = ( SourceLineInfo && )     = default;
        -:  237:
        -:  238:        bool empty() const noexcept;
        -:  239:        bool operator == ( SourceLineInfo const& other ) const noexcept;
        -:  240:        bool operator < ( SourceLineInfo const& other ) const noexcept;
        -:  241:
        -:  242:        char const* file;
        -:  243:        std::size_t line;
        -:  244:    };
        -:  245:
        -:  246:    std::ostream& operator << ( std::ostream& os, SourceLineInfo const& info );
        -:  247:
        -:  248:    // This is just here to avoid compiler warnings with macro constants and boolean literals
        -:  249:    bool isTrue( bool value );
        -:  250:    bool alwaysTrue();
        -:  251:    bool alwaysFalse();
        -:  252:
        -:  253:    // Use this in variadic streaming macros to allow
        -:  254:    //    >> +StreamEndStop
        -:  255:    // as well as
        -:  256:    //    >> stuff +StreamEndStop
        -:  257:    struct StreamEndStop {
        -:  258:        std::string operator+() const;
        -:  259:    };
        -:  260:    template<typename T>
        -:  261:    T const& operator + ( T const& value, StreamEndStop ) {
        -:  262:        return value;
        -:  263:    }
        -:  264:}
        -:  265:
        -:  266:#define CATCH_INTERNAL_LINEINFO \
        -:  267:    ::Catch::SourceLineInfo( __FILE__, static_cast<std::size_t>( __LINE__ ) )
        -:  268:
        -:  269:// end catch_common.h
        -:  270:namespace Catch {
        -:  271:
        -:  272:    struct RegistrarForTagAliases {
        -:  273:        RegistrarForTagAliases( char const* alias, char const* tag, SourceLineInfo const& lineInfo );
        -:  274:    };
        -:  275:
        -:  276:} // end namespace Catch
        -:  277:
        -:  278:#define CATCH_REGISTER_TAG_ALIAS( alias, spec ) namespace{ Catch::RegistrarForTagAliases INTERNAL_CATCH_UNIQUE_NAME( AutoRegisterTagAlias )( alias, spec, CATCH_INTERNAL_LINEINFO ); }
        -:  279:
        -:  280:// end catch_tag_alias_autoregistrar.h
        -:  281:// start catch_test_registry.h
        -:  282:
        -:  283:// start catch_interfaces_testcase.h
        -:  284:
        -:  285:#include <vector>
        -:  286:#include <memory>
        -:  287:
        -:  288:namespace Catch {
        -:  289:
        -:  290:    class TestSpec;
        -:  291:
       12:  292:    struct ITestInvoker {
        -:  293:        virtual void invoke () const = 0;
        -:  294:        virtual ~ITestInvoker();
        -:  295:    };
        -:  296:
        -:  297:    using ITestCasePtr = std::shared_ptr<ITestInvoker>;
        -:  298:
        -:  299:    class TestCase;
        -:  300:    struct IConfig;
        -:  301:
        2:  302:    struct ITestCaseRegistry {
        -:  303:        virtual ~ITestCaseRegistry();
        -:  304:        virtual std::vector<TestCase> const& getAllTests() const = 0;
        -:  305:        virtual std::vector<TestCase> const& getAllTestsSorted( IConfig const& config ) const = 0;
        -:  306:    };
        -:  307:
        -:  308:    bool matchTest( TestCase const& testCase, TestSpec const& testSpec, IConfig const& config );
        -:  309:    std::vector<TestCase> filterTests( std::vector<TestCase> const& testCases, TestSpec const& testSpec, IConfig const& config );
        -:  310:    std::vector<TestCase> const& getAllTestCasesSorted( IConfig const& config );
        -:  311:
        -:  312:}
        -:  313:
        -:  314:// end catch_interfaces_testcase.h
        -:  315:// start catch_stringref.h
        -:  316:
        -:  317:#include <cstddef>
        -:  318:#include <string>
        -:  319:#include <iosfwd>
        -:  320:
        -:  321:namespace Catch {
        -:  322:
        -:  323:    class StringData;
        -:  324:
        -:  325:    /// A non-owning string class (similar to the forthcoming std::string_view)
        -:  326:    /// Note that, because a StringRef may be a substring of another string,
        -:  327:    /// it may not be null terminated. c_str() must return a null terminated
        -:  328:    /// string, however, and so the StringRef will internally take ownership
        -:  329:    /// (taking a copy), if necessary. In theory this ownership is not externally
        -:  330:    /// visible - but it does mean (substring) StringRefs should not be shared between
        -:  331:    /// threads.
        -:  332:    class StringRef {
        -:  333:        friend struct StringRefTestAccess;
        -:  334:
        -:  335:        using size_type = std::size_t;
        -:  336:
        -:  337:        char const* m_start;
        -:  338:        size_type m_size;
        -:  339:
        -:  340:        char* m_data = nullptr;
        -:  341:
        -:  342:        void takeOwnership();
        -:  343:
        -:  344:    public: // construction/ assignment
        -:  345:        StringRef() noexcept;
        -:  346:        StringRef( StringRef const& other ) noexcept;
        -:  347:        StringRef( StringRef&& other ) noexcept;
        -:  348:        StringRef( char const* rawChars ) noexcept;
        -:  349:        StringRef( char const* rawChars, size_type size ) noexcept;
        -:  350:        StringRef( std::string const& stdString ) noexcept;
        -:  351:        ~StringRef() noexcept;
        -:  352:
        -:  353:        auto operator = ( StringRef other ) noexcept -> StringRef&;
        -:  354:        operator std::string() const;
        -:  355:
        -:  356:        void swap( StringRef& other ) noexcept;
        -:  357:
        -:  358:    public: // operators
        -:  359:        auto operator == ( StringRef const& other ) const noexcept -> bool;
        -:  360:        auto operator != ( StringRef const& other ) const noexcept -> bool;
        -:  361:
        -:  362:        auto operator[] ( size_type index ) const noexcept -> char;
        -:  363:
        -:  364:    public: // named queries
        -:  365:        auto empty() const noexcept -> bool;
        -:  366:        auto size() const noexcept -> size_type;
        -:  367:        auto numberOfCharacters() const noexcept -> size_type;
        -:  368:        auto c_str() const -> char const*;
        -:  369:
        -:  370:    public: // substrings and searches
        -:  371:        auto substr( size_type start, size_type size ) const noexcept -> StringRef;
        -:  372:
        -:  373:    private: // ownership queries - may not be consistent between calls
        -:  374:        auto isOwned() const noexcept -> bool;
        -:  375:        auto isSubstring() const noexcept -> bool;
        -:  376:        auto data() const noexcept -> char const*;
        -:  377:    };
        -:  378:
        -:  379:    auto operator + ( StringRef const& lhs, StringRef const& rhs ) -> std::string;
        -:  380:    auto operator + ( StringRef const& lhs, char const* rhs ) -> std::string;
        -:  381:    auto operator + ( char const* lhs, StringRef const& rhs ) -> std::string;
        -:  382:
        -:  383:    auto operator << ( std::ostream& os, StringRef const& sr ) -> std::ostream&;
        -:  384:
        -:  385:} // namespace Catch
        -:  386:
        -:  387:// end catch_stringref.h
        -:  388:namespace Catch {
        -:  389:
        -:  390:template<typename C>
        -:  391:class TestInvokerAsMethod : public ITestInvoker {
        -:  392:    void (C::*m_testAsMethod)();
        -:  393:public:
        -:  394:    TestInvokerAsMethod( void (C::*testAsMethod)() ) noexcept : m_testAsMethod( testAsMethod ) {}
        -:  395:
        -:  396:    void invoke() const override {
        -:  397:        C obj;
        -:  398:        (obj.*m_testAsMethod)();
        -:  399:    }
        -:  400:};
        -:  401:
        -:  402:auto makeTestInvoker( void(*testAsFunction)() ) noexcept -> ITestInvoker*;
        -:  403:
        -:  404:template<typename C>
        -:  405:auto makeTestInvoker( void (C::*testAsMethod)() ) noexcept -> ITestInvoker* {
        -:  406:    return new(std::nothrow) TestInvokerAsMethod<C>( testAsMethod );
        -:  407:}
        -:  408:
        6:  409:struct NameAndTags {
        -:  410:    NameAndTags( StringRef name_ = "", StringRef tags_ = "" ) noexcept;
        -:  411:    StringRef name;
        -:  412:    StringRef tags;
        -:  413:};
        -:  414:
        5:  415:struct AutoReg : NonCopyable {
        -:  416:    AutoReg( ITestInvoker* invoker, SourceLineInfo const& lineInfo, StringRef classOrMethod, NameAndTags const& nameAndTags ) noexcept;
        -:  417:    ~AutoReg();
        -:  418:};
        -:  419:
        -:  420:} // end namespace Catch
        -:  421:
        -:  422:#if defined(CATCH_CONFIG_DISABLE)
        -:  423:    #define INTERNAL_CATCH_TESTCASE_NO_REGISTRATION( TestName, ... ) \
        -:  424:        static void TestName()
        -:  425:    #define INTERNAL_CATCH_TESTCASE_METHOD_NO_REGISTRATION( TestName, ClassName, ... ) \
        -:  426:        namespace{                        \
        -:  427:            struct TestName : ClassName { \
        -:  428:                void test();              \
        -:  429:            };                            \
        -:  430:        }                                 \
        -:  431:        void TestName::test()
        -:  432:
        -:  433:#endif
        -:  434:
        -:  435:    ///////////////////////////////////////////////////////////////////////////////
        -:  436:    #define INTERNAL_CATCH_TESTCASE2( TestName, ... ) \
        -:  437:        static void TestName(); \
        -:  438:        CATCH_INTERNAL_SUPPRESS_GLOBALS_WARNINGS \
        -:  439:        namespace{ Catch::AutoReg INTERNAL_CATCH_UNIQUE_NAME( autoRegistrar )( Catch::makeTestInvoker( &TestName ), CATCH_INTERNAL_LINEINFO, "", Catch::NameAndTags{ __VA_ARGS__ } ); } /* NOLINT */ \
        -:  440:        CATCH_INTERNAL_UNSUPPRESS_GLOBALS_WARNINGS \
        -:  441:        static void TestName()
        -:  442:    #define INTERNAL_CATCH_TESTCASE( ... ) \
        -:  443:        INTERNAL_CATCH_TESTCASE2( INTERNAL_CATCH_UNIQUE_NAME( ____C_A_T_C_H____T_E_S_T____ ), __VA_ARGS__ )
        -:  444:
        -:  445:    ///////////////////////////////////////////////////////////////////////////////
        -:  446:    #define INTERNAL_CATCH_METHOD_AS_TEST_CASE( QualifiedMethod, ... ) \
        -:  447:        CATCH_INTERNAL_SUPPRESS_GLOBALS_WARNINGS \
        -:  448:        namespace{ Catch::AutoReg INTERNAL_CATCH_UNIQUE_NAME( autoRegistrar )( Catch::makeTestInvoker( &QualifiedMethod ), CATCH_INTERNAL_LINEINFO, "&" #QualifiedMethod, Catch::NameAndTags{ __VA_ARGS__ } ); } /* NOLINT */ \
        -:  449:        CATCH_INTERNAL_UNSUPPRESS_GLOBALS_WARNINGS
        -:  450:
        -:  451:    ///////////////////////////////////////////////////////////////////////////////
        -:  452:    #define INTERNAL_CATCH_TEST_CASE_METHOD2( TestName, ClassName, ... )\
        -:  453:        CATCH_INTERNAL_SUPPRESS_GLOBALS_WARNINGS \
        -:  454:        namespace{ \
        -:  455:            struct TestName : ClassName{ \
        -:  456:                void test(); \
        -:  457:            }; \
        -:  458:            Catch::AutoReg INTERNAL_CATCH_UNIQUE_NAME( autoRegistrar ) ( Catch::makeTestInvoker( &TestName::test ), CATCH_INTERNAL_LINEINFO, #ClassName, Catch::NameAndTags{ __VA_ARGS__ } ); /* NOLINT */ \
        -:  459:        } \
        -:  460:        CATCH_INTERNAL_UNSUPPRESS_GLOBALS_WARNINGS \
        -:  461:        void TestName::test()
        -:  462:    #define INTERNAL_CATCH_TEST_CASE_METHOD( ClassName, ... ) \
        -:  463:        INTERNAL_CATCH_TEST_CASE_METHOD2( INTERNAL_CATCH_UNIQUE_NAME( ____C_A_T_C_H____T_E_S_T____ ), ClassName, __VA_ARGS__ )
        -:  464:
        -:  465:    ///////////////////////////////////////////////////////////////////////////////
        -:  466:    #define INTERNAL_CATCH_REGISTER_TESTCASE( Function, ... ) \
        -:  467:        CATCH_INTERNAL_SUPPRESS_GLOBALS_WARNINGS \
        -:  468:        Catch::AutoReg INTERNAL_CATCH_UNIQUE_NAME( autoRegistrar )( Catch::makeTestInvoker( Function ), CATCH_INTERNAL_LINEINFO, "", Catch::NameAndTags{ __VA_ARGS__ } ); /* NOLINT */ \
        -:  469:        CATCH_INTERNAL_UNSUPPRESS_GLOBALS_WARNINGS
        -:  470:
        -:  471:// end catch_test_registry.h
        -:  472:// start catch_capture.hpp
        -:  473:
        -:  474:// start catch_assertionhandler.h
        -:  475:
        -:  476:// start catch_decomposer.h
        -:  477:
        -:  478:// start catch_tostring.h
        -:  479:
        -:  480:#include <sstream>
        -:  481:#include <vector>
        -:  482:#include <cstddef>
        -:  483:#include <type_traits>
        -:  484:#include <string>
        -:  485:
        -:  486:#ifdef __OBJC__
        -:  487:// start catch_objc_arc.hpp
        -:  488:
        -:  489:#import <Foundation/Foundation.h>
        -:  490:
        -:  491:#ifdef __has_feature
        -:  492:#define CATCH_ARC_ENABLED __has_feature(objc_arc)
        -:  493:#else
        -:  494:#define CATCH_ARC_ENABLED 0
        -:  495:#endif
        -:  496:
        -:  497:void arcSafeRelease( NSObject* obj );
        -:  498:id performOptionalSelector( id obj, SEL sel );
        -:  499:
        -:  500:#if !CATCH_ARC_ENABLED
        -:  501:inline void arcSafeRelease( NSObject* obj ) {
        -:  502:    [obj release];
        -:  503:}
        -:  504:inline id performOptionalSelector( id obj, SEL sel ) {
        -:  505:    if( [obj respondsToSelector: sel] )
        -:  506:        return [obj performSelector: sel];
        -:  507:    return nil;
        -:  508:}
        -:  509:#define CATCH_UNSAFE_UNRETAINED
        -:  510:#define CATCH_ARC_STRONG
        -:  511:#else
        -:  512:inline void arcSafeRelease( NSObject* ){}
        -:  513:inline id performOptionalSelector( id obj, SEL sel ) {
        -:  514:#ifdef __clang__
        -:  515:#pragma clang diagnostic push
        -:  516:#pragma clang diagnostic ignored "-Warc-performSelector-leaks"
        -:  517:#endif
        -:  518:    if( [obj respondsToSelector: sel] )
        -:  519:        return [obj performSelector: sel];
        -:  520:#ifdef __clang__
        -:  521:#pragma clang diagnostic pop
        -:  522:#endif
        -:  523:    return nil;
        -:  524:}
        -:  525:#define CATCH_UNSAFE_UNRETAINED __unsafe_unretained
        -:  526:#define CATCH_ARC_STRONG __strong
        -:  527:#endif
        -:  528:
        -:  529:// end catch_objc_arc.hpp
        -:  530:#endif
        -:  531:
        -:  532:#ifdef _MSC_VER
        -:  533:#pragma warning(push)
        -:  534:#pragma warning(disable:4180) // We attempt to stream a function (address) by const&, which MSVC complains about but is harmless
        -:  535:#endif
        -:  536:
        -:  537:// We need a dummy global operator<< so we can bring it into Catch namespace later
        -:  538:struct Catch_global_namespace_dummy;
        -:  539:std::ostream& operator<<(std::ostream&, Catch_global_namespace_dummy);
        -:  540:
        -:  541:namespace Catch {
        -:  542:    // Bring in operator<< from global namespace into Catch namespace
        -:  543:    using ::operator<<;
        -:  544:
        -:  545:    namespace Detail {
        -:  546:
        -:  547:        extern const std::string unprintableString;
        -:  548:
        -:  549:        std::string rawMemoryToString( const void *object, std::size_t size );
        -:  550:
        -:  551:        template<typename T>
        -:  552:        std::string rawMemoryToString( const T& object ) {
        -:  553:          return rawMemoryToString( &object, sizeof(object) );
        -:  554:        }
        -:  555:
        -:  556:        template<typename T>
        -:  557:        class IsStreamInsertable {
        -:  558:            template<typename SS, typename TT>
        -:  559:            static auto test(int)
        -:  560:                -> decltype(std::declval<SS&>() << std::declval<TT>(), std::true_type());
        -:  561:
        -:  562:            template<typename, typename>
        -:  563:            static auto test(...)->std::false_type;
        -:  564:
        -:  565:        public:
        -:  566:            static const bool value = decltype(test<std::ostream, const T&>(0))::value;
        -:  567:        };
        -:  568:
        -:  569:    } // namespace Detail
        -:  570:
        -:  571:    // If we decide for C++14, change these to enable_if_ts
        -:  572:    template <typename T>
        -:  573:    struct StringMaker {
        -:  574:        template <typename Fake = T>
        -:  575:        static
        -:  576:        typename std::enable_if<::Catch::Detail::IsStreamInsertable<Fake>::value, std::string>::type
    #####:  577:            convert(const Fake& t) {
    #####:  578:                std::ostringstream sstr;
    #####:  579:                sstr << t;
    #####:  580:                return sstr.str();
        -:  581:        }
        -:  582:
        -:  583:        template <typename Fake = T>
        -:  584:        static
        -:  585:        typename std::enable_if<!::Catch::Detail::IsStreamInsertable<Fake>::value, std::string>::type
        -:  586:            convert(const Fake&) {
        -:  587:                return Detail::unprintableString;
        -:  588:        }
        -:  589:    };
        -:  590:
        -:  591:    namespace Detail {
        -:  592:
        -:  593:        // This function dispatches all stringification requests inside of Catch.
        -:  594:        // Should be preferably called fully qualified, like ::Catch::Detail::stringify
        -:  595:        template <typename T>
    #####:  596:        std::string stringify(const T& e) {
    #####:  597:            return ::Catch::StringMaker<typename std::remove_cv<typename std::remove_reference<T>::type>::type>::convert(e);
        -:  598:        }
        -:  599:
        -:  600:    } // namespace Detail
        -:  601:
        -:  602:    // Some predefined specializations
        -:  603:
        -:  604:    template<>
        -:  605:    struct StringMaker<std::string> {
        -:  606:        static std::string convert(const std::string& str);
        -:  607:    };
        -:  608:    template<>
        -:  609:    struct StringMaker<std::wstring> {
        -:  610:        static std::string convert(const std::wstring& wstr);
        -:  611:    };
        -:  612:
        -:  613:    template<>
        -:  614:    struct StringMaker<char const *> {
        -:  615:        static std::string convert(char const * str);
        -:  616:    };
        -:  617:    template<>
        -:  618:    struct StringMaker<char *> {
        -:  619:        static std::string convert(char * str);
        -:  620:    };
        -:  621:    template<>
        -:  622:    struct StringMaker<wchar_t const *> {
        -:  623:        static std::string convert(wchar_t const * str);
        -:  624:    };
        -:  625:    template<>
        -:  626:    struct StringMaker<wchar_t *> {
        -:  627:        static std::string convert(wchar_t * str);
        -:  628:    };
        -:  629:
        -:  630:    template<int SZ>
        -:  631:    struct StringMaker<char[SZ]> {
    #####:  632:        static std::string convert(const char* str) {
    #####:  633:            return ::Catch::Detail::stringify(std::string{ str });
        -:  634:        }
        -:  635:    };
        -:  636:    template<int SZ>
        -:  637:    struct StringMaker<signed char[SZ]> {
        -:  638:        static std::string convert(const char* str) {
        -:  639:            return ::Catch::Detail::stringify(std::string{ str });
        -:  640:        }
        -:  641:    };
        -:  642:    template<int SZ>
        -:  643:    struct StringMaker<unsigned char[SZ]> {
        -:  644:        static std::string convert(const char* str) {
        -:  645:            return ::Catch::Detail::stringify(std::string{ str });
        -:  646:        }
        -:  647:    };
        -:  648:
        -:  649:    template<>
        -:  650:    struct StringMaker<int> {
        -:  651:        static std::string convert(int value);
        -:  652:    };
        -:  653:    template<>
        -:  654:    struct StringMaker<long> {
        -:  655:        static std::string convert(long value);
        -:  656:    };
        -:  657:    template<>
        -:  658:    struct StringMaker<long long> {
        -:  659:        static std::string convert(long long value);
        -:  660:    };
        -:  661:    template<>
        -:  662:    struct StringMaker<unsigned int> {
        -:  663:        static std::string convert(unsigned int value);
        -:  664:    };
        -:  665:    template<>
        -:  666:    struct StringMaker<unsigned long> {
        -:  667:        static std::string convert(unsigned long value);
        -:  668:    };
        -:  669:    template<>
        -:  670:    struct StringMaker<unsigned long long> {
        -:  671:        static std::string convert(unsigned long long value);
        -:  672:    };
        -:  673:
        -:  674:    template<>
        -:  675:    struct StringMaker<bool> {
        -:  676:        static std::string convert(bool b);
        -:  677:    };
        -:  678:
        -:  679:    template<>
        -:  680:    struct StringMaker<char> {
        -:  681:        static std::string convert(char c);
        -:  682:    };
        -:  683:    template<>
        -:  684:    struct StringMaker<signed char> {
        -:  685:        static std::string convert(signed char c);
        -:  686:    };
        -:  687:    template<>
        -:  688:    struct StringMaker<unsigned char> {
        -:  689:        static std::string convert(unsigned char c);
        -:  690:    };
        -:  691:
        -:  692:    template<>
        -:  693:    struct StringMaker<std::nullptr_t> {
        -:  694:        static std::string convert(std::nullptr_t);
        -:  695:    };
        -:  696:
        -:  697:    template<>
        -:  698:    struct StringMaker<float> {
        -:  699:        static std::string convert(float value);
        -:  700:    };
        -:  701:    template<>
        -:  702:    struct StringMaker<double> {
        -:  703:        static std::string convert(double value);
        -:  704:    };
        -:  705:
        -:  706:    template <typename T>
        -:  707:    struct StringMaker<T*> {
        -:  708:        template <typename U>
        -:  709:        static std::string convert(U* p) {
        -:  710:            if (p) {
        -:  711:                return ::Catch::Detail::rawMemoryToString(p);
        -:  712:            } else {
        -:  713:                return "nullptr";
        -:  714:            }
        -:  715:        }
        -:  716:    };
        -:  717:
        -:  718:    template <typename R, typename C>
        -:  719:    struct StringMaker<R C::*> {
        -:  720:        static std::string convert(R C::* p) {
        -:  721:            if (p) {
        -:  722:                return ::Catch::Detail::rawMemoryToString(p);
        -:  723:            } else {
        -:  724:                return "nullptr";
        -:  725:            }
        -:  726:        }
        -:  727:    };
        -:  728:
        -:  729:    namespace Detail {
        -:  730:        template<typename InputIterator>
        -:  731:        std::string rangeToString(InputIterator first, InputIterator last) {
        -:  732:            std::ostringstream oss;
        -:  733:            oss << "{ ";
        -:  734:            if (first != last) {
        -:  735:                oss << ::Catch::Detail::stringify(*first);
        -:  736:                for (++first; first != last; ++first)
        -:  737:                    oss << ", " << ::Catch::Detail::stringify(*first);
        -:  738:            }
        -:  739:            oss << " }";
        -:  740:            return oss.str();
        -:  741:        }
        -:  742:    }
        -:  743:
        -:  744:    template<typename T, typename Allocator>
        -:  745:    struct StringMaker<std::vector<T, Allocator> > {
        -:  746:        static std::string convert( std::vector<T,Allocator> const& v ) {
        -:  747:            return ::Catch::Detail::rangeToString( v.begin(), v.end() );
        -:  748:        }
        -:  749:    };
        -:  750:
        -:  751:    template<typename T>
        -:  752:    struct EnumStringMaker {
        -:  753:        static std::string convert(const T& t) {
        -:  754:            return ::Catch::Detail::stringify(static_cast<typename std::underlying_type<T>::type>(t));
        -:  755:        }
        -:  756:    };
        -:  757:
        -:  758:#ifdef __OBJC__
        -:  759:    template<>
        -:  760:    struct StringMaker<NSString*> {
        -:  761:        static std::string convert(NSString * nsstring) {
        -:  762:            if (!nsstring)
        -:  763:                return "nil";
        -:  764:            return std::string("@") + [nsstring UTF8String];
        -:  765:        }
        -:  766:    };
        -:  767:    template<>
        -:  768:    struct StringMaker<NSObject*> {
        -:  769:        static std::string convert(NSObject* nsObject) {
        -:  770:            return ::Catch::Detail::stringify([nsObject description]);
        -:  771:        }
        -:  772:
        -:  773:    };
        -:  774:    namespace Detail {
        -:  775:        inline std::string stringify( NSString* nsstring ) {
        -:  776:            return StringMaker<NSString*>::convert( nsstring );
        -:  777:        }
        -:  778:
        -:  779:    } // namespace Detail
        -:  780:#endif // __OBJC__
        -:  781:
        -:  782:} // namespace Catch
        -:  783:
        -:  784://////////////////////////////////////////////////////
        -:  785:// Separate std-lib types stringification, so it can be selectively enabled
        -:  786:// This means that we do not bring in
        -:  787:
        -:  788:#if defined(CATCH_CONFIG_ENABLE_ALL_STRINGMAKERS)
        -:  789:#  define CATCH_CONFIG_ENABLE_PAIR_STRINGMAKER
        -:  790:#  define CATCH_CONFIG_ENABLE_TUPLE_STRINGMAKER
        -:  791:#  define CATCH_CONFIG_ENABLE_CHRONO_STRINGMAKER
        -:  792:#endif
        -:  793:
        -:  794:// Separate std::pair specialization
        -:  795:#if defined(CATCH_CONFIG_ENABLE_PAIR_STRINGMAKER)
        -:  796:#include <utility>
        -:  797:namespace Catch {
        -:  798:    template<typename T1, typename T2>
        -:  799:    struct StringMaker<std::pair<T1, T2> > {
        -:  800:        static std::string convert(const std::pair<T1, T2>& pair) {
        -:  801:            std::ostringstream oss;
        -:  802:            oss << "{ "
        -:  803:                << ::Catch::Detail::stringify(pair.first)
        -:  804:                << ", "
        -:  805:                << ::Catch::Detail::stringify(pair.second)
        -:  806:                << " }";
        -:  807:            return oss.str();
        -:  808:        }
        -:  809:    };
        -:  810:}
        -:  811:#endif // CATCH_CONFIG_ENABLE_PAIR_STRINGMAKER
        -:  812:
        -:  813:// Separate std::tuple specialization
        -:  814:#if defined(CATCH_CONFIG_ENABLE_TUPLE_STRINGMAKER)
        -:  815:#include <tuple>
        -:  816:namespace Catch {
        -:  817:    namespace Detail {
        -:  818:        template<
        -:  819:            typename Tuple,
        -:  820:            std::size_t N = 0,
        -:  821:            bool = (N < std::tuple_size<Tuple>::value)
        -:  822:            >
        -:  823:            struct TupleElementPrinter {
        -:  824:            static void print(const Tuple& tuple, std::ostream& os) {
        -:  825:                os << (N ? ", " : " ")
        -:  826:                    << ::Catch::Detail::stringify(std::get<N>(tuple));
        -:  827:                TupleElementPrinter<Tuple, N + 1>::print(tuple, os);
        -:  828:            }
        -:  829:        };
        -:  830:
        -:  831:        template<
        -:  832:            typename Tuple,
        -:  833:            std::size_t N
        -:  834:        >
        -:  835:            struct TupleElementPrinter<Tuple, N, false> {
        -:  836:            static void print(const Tuple&, std::ostream&) {}
        -:  837:        };
        -:  838:
        -:  839:    }
        -:  840:
        -:  841:    template<typename ...Types>
        -:  842:    struct StringMaker<std::tuple<Types...>> {
        -:  843:        static std::string convert(const std::tuple<Types...>& tuple) {
        -:  844:            std::ostringstream os;
        -:  845:            os << '{';
        -:  846:            Detail::TupleElementPrinter<std::tuple<Types...>>::print(tuple, os);
        -:  847:            os << " }";
        -:  848:            return os.str();
        -:  849:        }
        -:  850:    };
        -:  851:}
        -:  852:#endif // CATCH_CONFIG_ENABLE_TUPLE_STRINGMAKER
        -:  853:
        -:  854:// Separate std::chrono::duration specialization
        -:  855:#if defined(CATCH_CONFIG_ENABLE_CHRONO_STRINGMAKER)
        -:  856:#include <ctime>
        -:  857:#include <ratio>
        -:  858:#include <chrono>
        -:  859:
        -:  860:template <class Ratio>
        -:  861:struct ratio_string {
        -:  862:    static std::string symbol();
        -:  863:};
        -:  864:
        -:  865:template <class Ratio>
        -:  866:std::string ratio_string<Ratio>::symbol() {
        -:  867:    std::ostringstream oss;
        -:  868:    oss << '[' << Ratio::num << '/'
        -:  869:        << Ratio::den << ']';
        -:  870:    return oss.str();
        -:  871:}
        -:  872:template <>
        -:  873:struct ratio_string<std::atto> {
        -:  874:    static std::string symbol() { return "a"; }
        -:  875:};
        -:  876:template <>
        -:  877:struct ratio_string<std::femto> {
        -:  878:    static std::string symbol() { return "f"; }
        -:  879:};
        -:  880:template <>
        -:  881:struct ratio_string<std::pico> {
        -:  882:    static std::string symbol() { return "p"; }
        -:  883:};
        -:  884:template <>
        -:  885:struct ratio_string<std::nano> {
        -:  886:    static std::string symbol() { return "n"; }
        -:  887:};
        -:  888:template <>
        -:  889:struct ratio_string<std::micro> {
        -:  890:    static std::string symbol() { return "u"; }
        -:  891:};
        -:  892:template <>
        -:  893:struct ratio_string<std::milli> {
        -:  894:    static std::string symbol() { return "m"; }
        -:  895:};
        -:  896:
        -:  897:namespace Catch {
        -:  898:    ////////////
        -:  899:    // std::chrono::duration specializations
        -:  900:    template<typename Value, typename Ratio>
        -:  901:    struct StringMaker<std::chrono::duration<Value, Ratio>> {
        -:  902:        static std::string convert(std::chrono::duration<Value, Ratio> const& duration) {
        -:  903:            std::ostringstream oss;
        -:  904:            oss << duration.count() << ' ' << ratio_string<Ratio>::symbol() << 's';
        -:  905:            return oss.str();
        -:  906:        }
        -:  907:    };
        -:  908:    template<typename Value>
        -:  909:    struct StringMaker<std::chrono::duration<Value, std::ratio<1>>> {
        -:  910:        static std::string convert(std::chrono::duration<Value, std::ratio<1>> const& duration) {
        -:  911:            std::ostringstream oss;
        -:  912:            oss << duration.count() << " s";
        -:  913:            return oss.str();
        -:  914:        }
        -:  915:    };
        -:  916:    template<typename Value>
        -:  917:    struct StringMaker<std::chrono::duration<Value, std::ratio<60>>> {
        -:  918:        static std::string convert(std::chrono::duration<Value, std::ratio<60>> const& duration) {
        -:  919:            std::ostringstream oss;
        -:  920:            oss << duration.count() << " m";
        -:  921:            return oss.str();
        -:  922:        }
        -:  923:    };
        -:  924:    template<typename Value>
        -:  925:    struct StringMaker<std::chrono::duration<Value, std::ratio<3600>>> {
        -:  926:        static std::string convert(std::chrono::duration<Value, std::ratio<3600>> const& duration) {
        -:  927:            std::ostringstream oss;
        -:  928:            oss << duration.count() << " h";
        -:  929:            return oss.str();
        -:  930:        }
        -:  931:    };
        -:  932:
        -:  933:    ////////////
        -:  934:    // std::chrono::time_point specialization
        -:  935:    // Generic time_point cannot be specialized, only std::chrono::time_point<system_clock>
        -:  936:    template<typename Clock, typename Duration>
        -:  937:    struct StringMaker<std::chrono::time_point<Clock, Duration>> {
        -:  938:        static std::string convert(std::chrono::time_point<Clock, Duration> const& time_point) {
        -:  939:            return ::Catch::Detail::stringify(time_point.time_since_epoch()) + " since epoch";
        -:  940:        }
        -:  941:    };
        -:  942:    // std::chrono::time_point<system_clock> specialization
        -:  943:    template<typename Duration>
        -:  944:    struct StringMaker<std::chrono::time_point<std::chrono::system_clock, Duration>> {
        -:  945:        static std::string convert(std::chrono::time_point<std::chrono::system_clock, Duration> const& time_point) {
        -:  946:            auto converted = std::chrono::system_clock::to_time_t(time_point);
        -:  947:
        -:  948:#ifdef _MSC_VER
        -:  949:            std::tm timeInfo = {};
        -:  950:            gmtime_s(&timeInfo, &converted);
        -:  951:#else
        -:  952:            std::tm* timeInfo = std::gmtime(&converted);
        -:  953:#endif
        -:  954:
        -:  955:            auto const timeStampSize = sizeof("2017-01-16T17:06:45Z");
        -:  956:            char timeStamp[timeStampSize];
        -:  957:            const char * const fmt = "%Y-%m-%dT%H:%M:%SZ";
        -:  958:
        -:  959:#ifdef _MSC_VER
        -:  960:            std::strftime(timeStamp, timeStampSize, fmt, &timeInfo);
        -:  961:#else
        -:  962:            std::strftime(timeStamp, timeStampSize, fmt, timeInfo);
        -:  963:#endif
        -:  964:            return std::string(timeStamp);
        -:  965:        }
        -:  966:    };
        -:  967:}
        -:  968:#endif // CATCH_CONFIG_ENABLE_CHRONO_STRINGMAKER
        -:  969:
        -:  970:#ifdef _MSC_VER
        -:  971:#pragma warning(pop)
        -:  972:#endif
        -:  973:
        -:  974:// end catch_tostring.h
        -:  975:#include <ostream>
        -:  976:
        -:  977:#ifdef _MSC_VER
        -:  978:#pragma warning(push)
        -:  979:#pragma warning(disable:4389) // '==' : signed/unsigned mismatch
        -:  980:#pragma warning(disable:4018) // more "signed/unsigned mismatch"
        -:  981:#pragma warning(disable:4312) // Converting int to T* using reinterpret_cast (issue on x64 platform)
        -:  982:#pragma warning(disable:4180) // qualifier applied to function type has no meaning
        -:  983:#endif
        -:  984:
        -:  985:namespace Catch {
        -:  986:
      122:  987:    struct ITransientExpression {
        -:  988:        virtual auto isBinaryExpression() const -> bool = 0;
        -:  989:        virtual auto getResult() const -> bool = 0;
        -:  990:        virtual void streamReconstructedExpression( std::ostream &os ) const = 0;
        -:  991:
        -:  992:        // We don't actually need a virtual destructore, but many static analysers
        -:  993:        // complain if it's not here :-(
        -:  994:        virtual ~ITransientExpression();
        -:  995:    };
        -:  996:
        -:  997:    void formatReconstructedExpression( std::ostream &os, std::string const& lhs, StringRef op, std::string const& rhs );
        -:  998:
        -:  999:    template<typename LhsT, typename RhsT>
       28: 1000:    class BinaryExpr  : public ITransientExpression {
        -: 1001:        bool m_result;
        -: 1002:        LhsT m_lhs;
        -: 1003:        StringRef m_op;
        -: 1004:        RhsT m_rhs;
        -: 1005:
    #####: 1006:        auto isBinaryExpression() const -> bool override { return true; }
       28: 1007:        auto getResult() const -> bool override { return m_result; }
        -: 1008:
    #####: 1009:        void streamReconstructedExpression( std::ostream &os ) const override {
    #####: 1010:            formatReconstructedExpression
    #####: 1011:                    ( os, Catch::Detail::stringify( m_lhs ), m_op, Catch::Detail::stringify( m_rhs ) );
    #####: 1012:        }
        -: 1013:
        -: 1014:    public:
       28: 1015:        BinaryExpr( bool comparisonResult, LhsT lhs, StringRef op, RhsT rhs )
        -: 1016:        :   m_result( comparisonResult ),
        -: 1017:            m_lhs( lhs ),
        -: 1018:            m_op( op ),
       28: 1019:            m_rhs( rhs )
       28: 1020:        {}
        -: 1021:    };
        -: 1022:
        -: 1023:    template<typename LhsT>
       33: 1024:    class UnaryExpr : public ITransientExpression {
        -: 1025:        LhsT m_lhs;
        -: 1026:
    #####: 1027:        auto isBinaryExpression() const -> bool override { return false; }
       33: 1028:        auto getResult() const -> bool override { return m_lhs ? true : false; }
        -: 1029:
    #####: 1030:        void streamReconstructedExpression( std::ostream &os ) const override {
    #####: 1031:            os << Catch::Detail::stringify( m_lhs );
    #####: 1032:        }
        -: 1033:
        -: 1034:    public:
       33: 1035:        UnaryExpr( LhsT lhs ) : m_lhs( lhs ) {}
        -: 1036:    };
        -: 1037:
        -: 1038:    // Specialised comparison functions to handle equality comparisons between ints and pointers (NULL deduces as an int)
        -: 1039:    template<typename LhsT, typename RhsT>
       27: 1040:    auto compareEqual( LhsT const& lhs, RhsT const& rhs ) -> bool { return lhs == rhs; };
        -: 1041:    template<typename T>
        -: 1042:    auto compareEqual( T* const& lhs, int rhs ) -> bool { return lhs == reinterpret_cast<void const*>( rhs ); }
        -: 1043:    template<typename T>
        -: 1044:    auto compareEqual( T* const& lhs, long rhs ) -> bool { return lhs == reinterpret_cast<void const*>( rhs ); }
        -: 1045:    template<typename T>
        -: 1046:    auto compareEqual( int lhs, T* const& rhs ) -> bool { return reinterpret_cast<void const*>( lhs ) == rhs; }
        -: 1047:    template<typename T>
        -: 1048:    auto compareEqual( long lhs, T* const& rhs ) -> bool { return reinterpret_cast<void const*>( lhs ) == rhs; }
        -: 1049:
        -: 1050:    template<typename LhsT, typename RhsT>
        1: 1051:    auto compareNotEqual( LhsT const& lhs, RhsT&& rhs ) -> bool { return lhs != rhs; };
        -: 1052:    template<typename T>
        -: 1053:    auto compareNotEqual( T* const& lhs, int rhs ) -> bool { return lhs != reinterpret_cast<void const*>( rhs ); }
        -: 1054:    template<typename T>
        -: 1055:    auto compareNotEqual( T* const& lhs, long rhs ) -> bool { return lhs != reinterpret_cast<void const*>( rhs ); }
        -: 1056:    template<typename T>
        -: 1057:    auto compareNotEqual( int lhs, T* const& rhs ) -> bool { return reinterpret_cast<void const*>( lhs ) != rhs; }
        -: 1058:    template<typename T>
        -: 1059:    auto compareNotEqual( long lhs, T* const& rhs ) -> bool { return reinterpret_cast<void const*>( lhs ) != rhs; }
        -: 1060:
        -: 1061:    template<typename LhsT>
        -: 1062:    class ExprLhs {
        -: 1063:        LhsT m_lhs;
        -: 1064:    public:
       61: 1065:        ExprLhs( LhsT lhs ) : m_lhs( lhs ) {}
        -: 1066:
        -: 1067:        template<typename RhsT>
       27: 1068:        auto operator == ( RhsT const& rhs ) -> BinaryExpr<LhsT, RhsT const&> const {
       27: 1069:            return BinaryExpr<LhsT, RhsT const&>( compareEqual( m_lhs, rhs ), m_lhs, "==", rhs );
        -: 1070:        }
        -: 1071:        auto operator == ( bool rhs ) -> BinaryExpr<LhsT, bool> const {
        -: 1072:            return BinaryExpr<LhsT, bool>( m_lhs == rhs, m_lhs, "==", rhs );
        -: 1073:        }
        -: 1074:
        -: 1075:        template<typename RhsT>
        1: 1076:        auto operator != ( RhsT const& rhs ) -> BinaryExpr<LhsT, RhsT const&> const {
        1: 1077:            return BinaryExpr<LhsT, RhsT const&>( compareNotEqual( m_lhs, rhs ), m_lhs, "!=", rhs );
        -: 1078:        }
        -: 1079:        auto operator != ( bool rhs ) -> BinaryExpr<LhsT, bool> const {
        -: 1080:            return BinaryExpr<LhsT, bool>( m_lhs != rhs, m_lhs, "!=", rhs );
        -: 1081:        }
        -: 1082:
        -: 1083:        template<typename RhsT>
        -: 1084:        auto operator > ( RhsT const& rhs ) -> BinaryExpr<LhsT, RhsT const&> const {
        -: 1085:            return BinaryExpr<LhsT, RhsT const&>( m_lhs > rhs, m_lhs, ">", rhs );
        -: 1086:        }
        -: 1087:        template<typename RhsT>
        -: 1088:        auto operator < ( RhsT const& rhs ) -> BinaryExpr<LhsT, RhsT const&> const {
        -: 1089:            return BinaryExpr<LhsT, RhsT const&>( m_lhs < rhs, m_lhs, "<", rhs );
        -: 1090:        }
        -: 1091:        template<typename RhsT>
        -: 1092:        auto operator >= ( RhsT const& rhs ) -> BinaryExpr<LhsT, RhsT const&> const {
        -: 1093:            return BinaryExpr<LhsT, RhsT const&>( m_lhs >= rhs, m_lhs, ">=", rhs );
        -: 1094:        }
        -: 1095:        template<typename RhsT>
        -: 1096:        auto operator <= ( RhsT const& rhs ) -> BinaryExpr<LhsT, RhsT const&> const {
        -: 1097:            return BinaryExpr<LhsT, RhsT const&>( m_lhs <= rhs, m_lhs, "<=", rhs );
        -: 1098:        }
        -: 1099:
       33: 1100:        auto makeUnaryExpr() const -> UnaryExpr<LhsT> {
       33: 1101:            return UnaryExpr<LhsT>( m_lhs );
        -: 1102:        }
        -: 1103:    };
        -: 1104:
        -: 1105:    void handleExpression( ITransientExpression const& expr );
        -: 1106:
        -: 1107:    template<typename T>
        -: 1108:    void handleExpression( ExprLhs<T> const& expr ) {
        -: 1109:        handleExpression( expr.makeUnaryExpr() );
        -: 1110:    }
        -: 1111:
        -: 1112:    struct Decomposer {
        -: 1113:        template<typename T>
       28: 1114:        auto operator <= ( T const& lhs ) -> ExprLhs<T const&> {
       28: 1115:            return ExprLhs<T const&>( lhs );
        -: 1116:        }
       33: 1117:        auto operator <=( bool value ) -> ExprLhs<bool> {
       33: 1118:            return ExprLhs<bool>( value );
        -: 1119:        }
        -: 1120:    };
        -: 1121:
        -: 1122:} // end namespace Catch
        -: 1123:
        -: 1124:#ifdef _MSC_VER
        -: 1125:#pragma warning(pop)
        -: 1126:#endif
        -: 1127:
        -: 1128:// end catch_decomposer.h
        -: 1129:// start catch_assertioninfo.h
        -: 1130:
        -: 1131:// start catch_result_type.h
        -: 1132:
        -: 1133:namespace Catch {
        -: 1134:
        -: 1135:    // ResultWas::OfType enum
        -: 1136:    struct ResultWas { enum OfType {
        -: 1137:        Unknown = -1,
        -: 1138:        Ok = 0,
        -: 1139:        Info = 1,
        -: 1140:        Warning = 2,
        -: 1141:
        -: 1142:        FailureBit = 0x10,
        -: 1143:
        -: 1144:        ExpressionFailed = FailureBit | 1,
        -: 1145:        ExplicitFailure = FailureBit | 2,
        -: 1146:
        -: 1147:        Exception = 0x100 | FailureBit,
        -: 1148:
        -: 1149:        ThrewException = Exception | 1,
        -: 1150:        DidntThrowException = Exception | 2,
        -: 1151:
        -: 1152:        FatalErrorCondition = 0x200 | FailureBit
        -: 1153:
        -: 1154:    }; };
        -: 1155:
        -: 1156:    bool isOk( ResultWas::OfType resultType );
        -: 1157:    bool isJustInfo( int flags );
        -: 1158:
        -: 1159:    // ResultDisposition::Flags enum
        -: 1160:    struct ResultDisposition { enum Flags {
        -: 1161:        Normal = 0x01,
        -: 1162:
        -: 1163:        ContinueOnFailure = 0x02,   // Failures fail test, but execution continues
        -: 1164:        FalseTest = 0x04,           // Prefix expression with !
        -: 1165:        SuppressFail = 0x08         // Failures are reported but do not fail the test
        -: 1166:    }; };
        -: 1167:
        -: 1168:    ResultDisposition::Flags operator | ( ResultDisposition::Flags lhs, ResultDisposition::Flags rhs );
        -: 1169:
        -: 1170:    bool shouldContinueOnFailure( int flags );
        -: 1171:    bool isFalseTest( int flags );
        -: 1172:    bool shouldSuppressFailure( int flags );
        -: 1173:
        -: 1174:} // end namespace Catch
        -: 1175:
        -: 1176:// end catch_result_type.h
        -: 1177:namespace Catch {
        -: 1178:
      606: 1179:    struct AssertionInfo
        -: 1180:    {
        -: 1181:        StringRef macroName;
        -: 1182:        SourceLineInfo lineInfo;
        -: 1183:        StringRef capturedExpression;
        -: 1184:        ResultDisposition::Flags resultDisposition;
        -: 1185:
        -: 1186:        // We want to delete this constructor but a compiler bug in 4.8 means
        -: 1187:        // the struct is then treated as non-aggregate
        -: 1188:        //AssertionInfo() = delete;
        -: 1189:    };
        -: 1190:
        -: 1191:} // end namespace Catch
        -: 1192:
        -: 1193:// end catch_assertioninfo.h
        -: 1194:namespace Catch {
        -: 1195:
        -: 1196:    struct TestFailureException{};
        -: 1197:    struct AssertionResultData;
        -: 1198:
        -: 1199:    class LazyExpression {
        -: 1200:        friend class AssertionHandler;
        -: 1201:        friend struct AssertionStats;
        -: 1202:
        -: 1203:        ITransientExpression const* m_transientExpression = nullptr;
        -: 1204:        bool m_isNegated;
        -: 1205:    public:
        -: 1206:        LazyExpression( bool isNegated );
        -: 1207:        LazyExpression( LazyExpression const& other );
        -: 1208:        LazyExpression& operator = ( LazyExpression const& ) = delete;
        -: 1209:
        -: 1210:        explicit operator bool() const;
        -: 1211:
        -: 1212:        friend auto operator << ( std::ostream& os, LazyExpression const& lazyExpr ) -> std::ostream&;
        -: 1213:    };
        -: 1214:
        -: 1215:    class AssertionHandler {
        -: 1216:        AssertionInfo m_assertionInfo;
        -: 1217:        bool m_shouldDebugBreak = false;
        -: 1218:        bool m_shouldThrow = false;
        -: 1219:        bool m_inExceptionGuard = false;
        -: 1220:
        -: 1221:    public:
        -: 1222:        AssertionHandler
        -: 1223:            (   StringRef macroName,
        -: 1224:                SourceLineInfo const& lineInfo,
        -: 1225:                StringRef capturedExpression,
        -: 1226:                ResultDisposition::Flags resultDisposition );
        -: 1227:        ~AssertionHandler();
        -: 1228:
        -: 1229:        void handle( ITransientExpression const& expr );
        -: 1230:
        -: 1231:        template<typename T>
       33: 1232:        void handle( ExprLhs<T> const& expr ) {
       33: 1233:            handle( expr.makeUnaryExpr() );
       33: 1234:        }
        -: 1235:        void handle( ResultWas::OfType resultType );
        -: 1236:        void handle( ResultWas::OfType resultType, StringRef const& message );
        -: 1237:        void handle( ResultWas::OfType resultType, ITransientExpression const* expr, bool negated );
        -: 1238:        void handle( AssertionResultData const& resultData, ITransientExpression const* expr );
        -: 1239:
        -: 1240:        auto shouldDebugBreak() const -> bool;
        -: 1241:        auto allowThrows() const -> bool;
        -: 1242:        void reactWithDebugBreak() const;
        -: 1243:        void reactWithoutDebugBreak() const;
        -: 1244:        void useActiveException();
        -: 1245:        void setExceptionGuard();
        -: 1246:        void unsetExceptionGuard();
        -: 1247:    };
        -: 1248:
        -: 1249:    void handleExceptionMatchExpr( AssertionHandler& handler, std::string const& str, StringRef matcherString );
        -: 1250:
        -: 1251:} // namespace Catch
        -: 1252:
        -: 1253:// end catch_assertionhandler.h
        -: 1254:// start catch_message.h
        -: 1255:
        -: 1256:#include <string>
        -: 1257:#include <sstream>
        -: 1258:
        -: 1259:namespace Catch {
        -: 1260:
    #####: 1261:    struct MessageInfo {
        -: 1262:        MessageInfo(    std::string const& _macroName,
        -: 1263:                        SourceLineInfo const& _lineInfo,
        -: 1264:                        ResultWas::OfType _type );
        -: 1265:
        -: 1266:        std::string macroName;
        -: 1267:        std::string message;
        -: 1268:        SourceLineInfo lineInfo;
        -: 1269:        ResultWas::OfType type;
        -: 1270:        unsigned int sequence;
        -: 1271:
        -: 1272:        bool operator == ( MessageInfo const& other ) const;
        -: 1273:        bool operator < ( MessageInfo const& other ) const;
        -: 1274:    private:
        -: 1275:        static unsigned int globalCount;
        -: 1276:    };
        -: 1277:
    #####: 1278:    struct MessageStream {
        -: 1279:
        -: 1280:        template<typename T>
        -: 1281:        MessageStream& operator << ( T const& value ) {
        -: 1282:            m_stream << value;
        -: 1283:            return *this;
        -: 1284:        }
        -: 1285:
        -: 1286:        // !TBD reuse a global/ thread-local stream
        -: 1287:        std::ostringstream m_stream;
        -: 1288:    };
        -: 1289:
    #####: 1290:    struct MessageBuilder : MessageStream {
        -: 1291:        MessageBuilder( std::string const& macroName,
        -: 1292:                        SourceLineInfo const& lineInfo,
        -: 1293:                        ResultWas::OfType type );
        -: 1294:
        -: 1295:        template<typename T>
    #####: 1296:        MessageBuilder& operator << ( T const& value ) {
    #####: 1297:            m_stream << value;
    #####: 1298:            return *this;
        -: 1299:        }
        -: 1300:
        -: 1301:        MessageInfo m_info;
        -: 1302:    };
        -: 1303:
        -: 1304:    class ScopedMessage {
        -: 1305:    public:
        -: 1306:        ScopedMessage( MessageBuilder const& builder );
        -: 1307:        ~ScopedMessage();
        -: 1308:
        -: 1309:        MessageInfo m_info;
        -: 1310:    };
        -: 1311:
        -: 1312:} // end namespace Catch
        -: 1313:
        -: 1314:// end catch_message.h
        -: 1315:// start catch_interfaces_capture.h
        -: 1316:
        -: 1317:#include <string>
        -: 1318:
        -: 1319:namespace Catch {
        -: 1320:
        -: 1321:    class AssertionResult;
        -: 1322:    struct AssertionInfo;
        -: 1323:    struct SectionInfo;
        -: 1324:    struct SectionEndInfo;
        -: 1325:    struct MessageInfo;
        -: 1326:    struct Counts;
        -: 1327:    struct BenchmarkInfo;
        -: 1328:    struct BenchmarkStats;
        -: 1329:
        2: 1330:    struct IResultCapture {
        -: 1331:
        -: 1332:        virtual ~IResultCapture();
        -: 1333:
        -: 1334:        virtual void assertionStarting( AssertionInfo const& info ) = 0;
        -: 1335:        virtual void assertionEnded( AssertionResult const& result ) = 0;
        -: 1336:        virtual bool sectionStarted(    SectionInfo const& sectionInfo,
        -: 1337:                                        Counts& assertions ) = 0;
        -: 1338:        virtual void sectionEnded( SectionEndInfo const& endInfo ) = 0;
        -: 1339:        virtual void sectionEndedEarly( SectionEndInfo const& endInfo ) = 0;
        -: 1340:
        -: 1341:        virtual void benchmarkStarting( BenchmarkInfo const& info ) = 0;
        -: 1342:        virtual void benchmarkEnded( BenchmarkStats const& stats ) = 0;
        -: 1343:
        -: 1344:        virtual void pushScopedMessage( MessageInfo const& message ) = 0;
        -: 1345:        virtual void popScopedMessage( MessageInfo const& message ) = 0;
        -: 1346:
        -: 1347:        virtual std::string getCurrentTestName() const = 0;
        -: 1348:        virtual const AssertionResult* getLastResult() const = 0;
        -: 1349:
        -: 1350:        virtual void exceptionEarlyReported() = 0;
        -: 1351:
        -: 1352:        virtual void handleFatalErrorCondition( StringRef message ) = 0;
        -: 1353:
        -: 1354:        virtual bool lastAssertionPassed() = 0;
        -: 1355:        virtual void assertionPassed() = 0;
        -: 1356:        virtual void assertionRun() = 0;
        -: 1357:    };
        -: 1358:
        -: 1359:    IResultCapture& getResultCapture();
        -: 1360:}
        -: 1361:
        -: 1362:// end catch_interfaces_capture.h
        -: 1363:// start catch_debugger.h
        -: 1364:
        -: 1365:namespace Catch {
        -: 1366:    bool isDebuggerActive();
        -: 1367:}
        -: 1368:
        -: 1369:#ifdef CATCH_PLATFORM_MAC
        -: 1370:
        -: 1371:    #define CATCH_TRAP() __asm__("int $3\n" : : ) /* NOLINT */
        -: 1372:
        -: 1373:#elif defined(CATCH_PLATFORM_LINUX)
        -: 1374:    // If we can use inline assembler, do it because this allows us to break
        -: 1375:    // directly at the location of the failing check instead of breaking inside
        -: 1376:    // raise() called from it, i.e. one stack frame below.
        -: 1377:    #if defined(__GNUC__) && (defined(__i386) || defined(__x86_64))
        -: 1378:        #define CATCH_TRAP() asm volatile ("int $3") /* NOLINT */
        -: 1379:    #else // Fall back to the generic way.
        -: 1380:        #include <signal.h>
        -: 1381:
        -: 1382:        #define CATCH_TRAP() raise(SIGTRAP)
        -: 1383:    #endif
        -: 1384:#elif defined(_MSC_VER)
        -: 1385:    #define CATCH_TRAP() __debugbreak()
        -: 1386:#elif defined(__MINGW32__)
        -: 1387:    extern "C" __declspec(dllimport) void __stdcall DebugBreak();
        -: 1388:    #define CATCH_TRAP() DebugBreak()
        -: 1389:#endif
        -: 1390:
        -: 1391:#ifdef CATCH_TRAP
        -: 1392:    #define CATCH_BREAK_INTO_DEBUGGER() if( Catch::isDebuggerActive() ) { CATCH_TRAP(); }
        -: 1393:#else
        -: 1394:    #define CATCH_BREAK_INTO_DEBUGGER() Catch::alwaysTrue();
        -: 1395:#endif
        -: 1396:
        -: 1397:// end catch_debugger.h
        -: 1398:#if !defined(CATCH_CONFIG_DISABLE)
        -: 1399:
        -: 1400:#if !defined(CATCH_CONFIG_DISABLE_STRINGIFICATION)
        -: 1401:  #define CATCH_INTERNAL_STRINGIFY(...) #__VA_ARGS__
        -: 1402:#else
        -: 1403:  #define CATCH_INTERNAL_STRINGIFY(...) "Disabled by CATCH_CONFIG_DISABLE_STRINGIFICATION"
        -: 1404:#endif
        -: 1405:
        -: 1406:#if defined(CATCH_CONFIG_FAST_COMPILE)
        -: 1407:///////////////////////////////////////////////////////////////////////////////
        -: 1408:// We can speedup compilation significantly by breaking into debugger lower in
        -: 1409:// the callstack, because then we don't have to expand CATCH_BREAK_INTO_DEBUGGER
        -: 1410:// macro in each assertion
        -: 1411:#define INTERNAL_CATCH_REACT( handler ) \
        -: 1412:    handler.reactWithDebugBreak();
        -: 1413:
        -: 1414:///////////////////////////////////////////////////////////////////////////////
        -: 1415:// Another way to speed-up compilation is to omit local try-catch for REQUIRE*
        -: 1416:// macros.
        -: 1417:// This can potentially cause false negative, if the test code catches
        -: 1418:// the exception before it propagates back up to the runner.
        -: 1419:#define INTERNAL_CATCH_TRY( capturer ) capturer.setExceptionGuard();
        -: 1420:#define INTERNAL_CATCH_CATCH( capturer ) capturer.unsetExceptionGuard();
        -: 1421:
        -: 1422:#else // CATCH_CONFIG_FAST_COMPILE
        -: 1423:
        -: 1424:///////////////////////////////////////////////////////////////////////////////
        -: 1425:// In the event of a failure works out if the debugger needs to be invoked
        -: 1426:// and/or an exception thrown and takes appropriate action.
        -: 1427:// This needs to be done as a macro so the debugger will stop in the user
        -: 1428:// source code rather than in Catch library code
        -: 1429:#define INTERNAL_CATCH_REACT( handler ) \
        -: 1430:    if( handler.shouldDebugBreak() ) CATCH_BREAK_INTO_DEBUGGER(); \
        -: 1431:    handler.reactWithoutDebugBreak();
        -: 1432:
        -: 1433:#define INTERNAL_CATCH_TRY( capturer ) try
        -: 1434:#define INTERNAL_CATCH_CATCH( capturer ) catch(...) { capturer.useActiveException(); }
        -: 1435:
        -: 1436:#endif
        -: 1437:
        -: 1438:///////////////////////////////////////////////////////////////////////////////
        -: 1439:#define INTERNAL_CATCH_TEST( macroName, resultDisposition, ... ) \
        -: 1440:    do { \
        -: 1441:        Catch::AssertionHandler catchAssertionHandler( macroName, CATCH_INTERNAL_LINEINFO, CATCH_INTERNAL_STRINGIFY(__VA_ARGS__), resultDisposition ); \
        -: 1442:        INTERNAL_CATCH_TRY( catchAssertionHandler ) { \
        -: 1443:            CATCH_INTERNAL_SUPPRESS_PARENTHESES_WARNINGS \
        -: 1444:            catchAssertionHandler.handle( Catch::Decomposer() <= __VA_ARGS__ ); \
        -: 1445:            CATCH_INTERNAL_UNSUPPRESS_PARENTHESES_WARNINGS \
        -: 1446:        } INTERNAL_CATCH_CATCH( catchAssertionHandler ) \
        -: 1447:        INTERNAL_CATCH_REACT( catchAssertionHandler ) \
        -: 1448:    } while( Catch::isTrue( false && static_cast<bool>( !!(__VA_ARGS__) ) ) ) // the expression here is never evaluated at runtime but it forces the compiler to give it a look
        -: 1449:    // The double negation silences MSVC's C4800 warning, the static_cast forces short-circuit evaluation if the type has overloaded &&.
        -: 1450:
        -: 1451:///////////////////////////////////////////////////////////////////////////////
        -: 1452:#define INTERNAL_CATCH_IF( macroName, resultDisposition, ... ) \
        -: 1453:    INTERNAL_CATCH_TEST( macroName, resultDisposition, __VA_ARGS__ ); \
        -: 1454:    if( Catch::getResultCapture().lastAssertionPassed() )
        -: 1455:
        -: 1456:///////////////////////////////////////////////////////////////////////////////
        -: 1457:#define INTERNAL_CATCH_ELSE( macroName, resultDisposition, ... ) \
        -: 1458:    INTERNAL_CATCH_TEST( macroName, resultDisposition, __VA_ARGS__ ); \
        -: 1459:    if( !Catch::getResultCapture().lastAssertionPassed() )
        -: 1460:
        -: 1461:///////////////////////////////////////////////////////////////////////////////
        -: 1462:#define INTERNAL_CATCH_NO_THROW( macroName, resultDisposition, ... ) \
        -: 1463:    do { \
        -: 1464:        Catch::AssertionHandler catchAssertionHandler( macroName, CATCH_INTERNAL_LINEINFO, CATCH_INTERNAL_STRINGIFY(__VA_ARGS__), resultDisposition ); \
        -: 1465:        try { \
        -: 1466:            static_cast<void>(__VA_ARGS__); \
        -: 1467:            catchAssertionHandler.handle( Catch::ResultWas::Ok ); \
        -: 1468:        } \
        -: 1469:        catch( ... ) { \
        -: 1470:            catchAssertionHandler.useActiveException(); \
        -: 1471:        } \
        -: 1472:        INTERNAL_CATCH_REACT( catchAssertionHandler ) \
        -: 1473:    } while( Catch::alwaysFalse() )
        -: 1474:
        -: 1475:///////////////////////////////////////////////////////////////////////////////
        -: 1476:#define INTERNAL_CATCH_THROWS( macroName, resultDisposition, ... ) \
        -: 1477:    do { \
        -: 1478:        Catch::AssertionHandler catchAssertionHandler( macroName, CATCH_INTERNAL_LINEINFO, CATCH_INTERNAL_STRINGIFY(__VA_ARGS__), resultDisposition); \
        -: 1479:        if( catchAssertionHandler.allowThrows() ) \
        -: 1480:            try { \
        -: 1481:                static_cast<void>(__VA_ARGS__); \
        -: 1482:                catchAssertionHandler.handle( Catch::ResultWas::DidntThrowException ); \
        -: 1483:            } \
        -: 1484:            catch( ... ) { \
        -: 1485:                catchAssertionHandler.handle( Catch::ResultWas::Ok ); \
        -: 1486:            } \
        -: 1487:        else \
        -: 1488:            catchAssertionHandler.handle( Catch::ResultWas::Ok ); \
        -: 1489:        INTERNAL_CATCH_REACT( catchAssertionHandler ) \
        -: 1490:    } while( Catch::alwaysFalse() )
        -: 1491:
        -: 1492:///////////////////////////////////////////////////////////////////////////////
        -: 1493:#define INTERNAL_CATCH_THROWS_AS( macroName, exceptionType, resultDisposition, expr ) \
        -: 1494:    do { \
        -: 1495:        Catch::AssertionHandler catchAssertionHandler( macroName, CATCH_INTERNAL_LINEINFO, CATCH_INTERNAL_STRINGIFY(expr) ", " CATCH_INTERNAL_STRINGIFY(exceptionType), resultDisposition ); \
        -: 1496:        if( catchAssertionHandler.allowThrows() ) \
        -: 1497:            try { \
        -: 1498:                static_cast<void>(expr); \
        -: 1499:                catchAssertionHandler.handle( Catch::ResultWas::DidntThrowException ); \
        -: 1500:            } \
        -: 1501:            catch( exceptionType const& ) { \
        -: 1502:                catchAssertionHandler.handle( Catch::ResultWas::Ok ); \
        -: 1503:            } \
        -: 1504:            catch( ... ) { \
        -: 1505:                catchAssertionHandler.useActiveException(); \
        -: 1506:            } \
        -: 1507:        else \
        -: 1508:            catchAssertionHandler.handle( Catch::ResultWas::Ok ); \
        -: 1509:        INTERNAL_CATCH_REACT( catchAssertionHandler ) \
        -: 1510:    } while( Catch::alwaysFalse() )
        -: 1511:
        -: 1512:///////////////////////////////////////////////////////////////////////////////
        -: 1513:#define INTERNAL_CATCH_MSG( macroName, messageType, resultDisposition, ... ) \
        -: 1514:    do { \
        -: 1515:        Catch::AssertionHandler catchAssertionHandler( macroName, CATCH_INTERNAL_LINEINFO, "", resultDisposition ); \
        -: 1516:        catchAssertionHandler.handle( messageType, ( Catch::MessageStream() << __VA_ARGS__ + ::Catch::StreamEndStop() ).m_stream.str() ); \
        -: 1517:        INTERNAL_CATCH_REACT( catchAssertionHandler ) \
        -: 1518:    } while( Catch::alwaysFalse() )
        -: 1519:
        -: 1520:///////////////////////////////////////////////////////////////////////////////
        -: 1521:#define INTERNAL_CATCH_INFO( macroName, log ) \
        -: 1522:    Catch::ScopedMessage INTERNAL_CATCH_UNIQUE_NAME( scopedMessage ) = Catch::MessageBuilder( macroName, CATCH_INTERNAL_LINEINFO, Catch::ResultWas::Info ) << log;
        -: 1523:
        -: 1524:///////////////////////////////////////////////////////////////////////////////
        -: 1525:// Although this is matcher-based, it can be used with just a string
        -: 1526:#define INTERNAL_CATCH_THROWS_STR_MATCHES( macroName, resultDisposition, matcher, ... ) \
        -: 1527:    do { \
        -: 1528:        Catch::AssertionHandler catchAssertionHandler( macroName, CATCH_INTERNAL_LINEINFO, CATCH_INTERNAL_STRINGIFY(__VA_ARGS__) ", " CATCH_INTERNAL_STRINGIFY(matcher), resultDisposition ); \
        -: 1529:        if( catchAssertionHandler.allowThrows() ) \
        -: 1530:            try { \
        -: 1531:                static_cast<void>(__VA_ARGS__); \
        -: 1532:                catchAssertionHandler.handle( Catch::ResultWas::DidntThrowException ); \
        -: 1533:            } \
        -: 1534:            catch( ... ) { \
        -: 1535:                handleExceptionMatchExpr( catchAssertionHandler, matcher, #matcher ); \
        -: 1536:            } \
        -: 1537:        else \
        -: 1538:            catchAssertionHandler.handle( Catch::ResultWas::Ok ); \
        -: 1539:        INTERNAL_CATCH_REACT( catchAssertionHandler ) \
        -: 1540:    } while( Catch::alwaysFalse() )
        -: 1541:
        -: 1542:#endif // CATCH_CONFIG_DISABLE
        -: 1543:
        -: 1544:// end catch_capture.hpp
        -: 1545:// start catch_section.h
        -: 1546:
        -: 1547:// start catch_section_info.h
        -: 1548:
        -: 1549:// start catch_totals.h
        -: 1550:
        -: 1551:#include <cstddef>
        -: 1552:
        -: 1553:namespace Catch {
        -: 1554:
      160: 1555:    struct Counts {
        -: 1556:        Counts operator - ( Counts const& other ) const;
        -: 1557:        Counts& operator += ( Counts const& other );
        -: 1558:
        -: 1559:        std::size_t total() const;
        -: 1560:        bool allPassed() const;
        -: 1561:        bool allOk() const;
        -: 1562:
        -: 1563:        std::size_t passed = 0;
        -: 1564:        std::size_t failed = 0;
        -: 1565:        std::size_t failedButOk = 0;
        -: 1566:    };
        -: 1567:
        1: 1568:    struct Totals {
        -: 1569:
        -: 1570:        Totals operator - ( Totals const& other ) const;
        -: 1571:        Totals& operator += ( Totals const& other );
        -: 1572:
        -: 1573:        Totals delta( Totals const& prevTotals ) const;
        -: 1574:
        -: 1575:        Counts assertions;
        -: 1576:        Counts testCases;
        -: 1577:    };
        -: 1578:}
        -: 1579:
        -: 1580:// end catch_totals.h
        -: 1581:#include <string>
        -: 1582:
        -: 1583:namespace Catch {
        -: 1584:
      784: 1585:    struct SectionInfo {
        -: 1586:        SectionInfo
        -: 1587:            (   SourceLineInfo const& _lineInfo,
        -: 1588:                std::string const& _name,
        -: 1589:                std::string const& _description = std::string() );
        -: 1590:
        -: 1591:        std::string name;
        -: 1592:        std::string description;
        -: 1593:        SourceLineInfo lineInfo;
        -: 1594:    };
        -: 1595:
       28: 1596:    struct SectionEndInfo {
[...]
        -:11749:#ifdef CATCH_CONFIG_PREFIX_ALL
        -:11750:
        -:11751:#define CATCH_REQUIRE( ... ) INTERNAL_CATCH_TEST( "CATCH_REQUIRE", Catch::ResultDisposition::Normal, __VA_ARGS__ )
        -:11752:#define CATCH_REQUIRE_FALSE( ... ) INTERNAL_CATCH_TEST( "CATCH_REQUIRE_FALSE", Catch::ResultDisposition::Normal | Catch::ResultDisposition::FalseTest, __VA_ARGS__ )
        -:11753:
        -:11754:#define CATCH_REQUIRE_THROWS( ... ) INTERNAL_CATCH_THROWS( "CATCH_REQUIRE_THROWS", Catch::ResultDisposition::Normal, "", __VA_ARGS__ )
        -:11755:#define CATCH_REQUIRE_THROWS_AS( expr, exceptionType ) INTERNAL_CATCH_THROWS_AS( "CATCH_REQUIRE_THROWS_AS", exceptionType, Catch::ResultDisposition::Normal, expr )
        -:11756:#define CATCH_REQUIRE_THROWS_WITH( expr, matcher ) INTERNAL_CATCH_THROWS_STR_MATCHES( "CATCH_REQUIRE_THROWS_WITH", Catch::ResultDisposition::Normal, matcher, expr )
        -:11757:#if !defined(CATCH_CONFIG_DISABLE_MATCHERS)
        -:11758:#define CATCH_REQUIRE_THROWS_MATCHES( expr, exceptionType, matcher ) INTERNAL_CATCH_THROWS_MATCHES( "CATCH_REQUIRE_THROWS_MATCHES", exceptionType, Catch::ResultDisposition::Normal, matcher, expr )
        -:11759:#endif// CATCH_CONFIG_DISABLE_MATCHERS
        -:11760:#define CATCH_REQUIRE_NOTHROW( ... ) INTERNAL_CATCH_NO_THROW( "CATCH_REQUIRE_NOTHROW", Catch::ResultDisposition::Normal, __VA_ARGS__ )
        -:11761:
        -:11762:#define CATCH_CHECK( ... ) INTERNAL_CATCH_TEST( "CATCH_CHECK", Catch::ResultDisposition::ContinueOnFailure, __VA_ARGS__ )
        -:11763:#define CATCH_CHECK_FALSE( ... ) INTERNAL_CATCH_TEST( "CATCH_CHECK_FALSE", Catch::ResultDisposition::ContinueOnFailure | Catch::ResultDisposition::FalseTest, __VA_ARGS__ )
        -:11764:#define CATCH_CHECKED_IF( ... ) INTERNAL_CATCH_IF( "CATCH_CHECKED_IF", Catch::ResultDisposition::ContinueOnFailure, __VA_ARGS__ )
        -:11765:#define CATCH_CHECKED_ELSE( ... ) INTERNAL_CATCH_ELSE( "CATCH_CHECKED_ELSE", Catch::ResultDisposition::ContinueOnFailure, __VA_ARGS__ )
        -:11766:#define CATCH_CHECK_NOFAIL( ... ) INTERNAL_CATCH_TEST( "CATCH_CHECK_NOFAIL", Catch::ResultDisposition::ContinueOnFailure | Catch::ResultDisposition::SuppressFail, __VA_ARGS__ )
        -:11767:
        -:11768:#define CATCH_CHECK_THROWS( ... )  INTERNAL_CATCH_THROWS( "CATCH_CHECK_THROWS", Catch::ResultDisposition::ContinueOnFailure, "", __VA_ARGS__ )
        -:11769:#define CATCH_CHECK_THROWS_AS( expr, exceptionType ) INTERNAL_CATCH_THROWS_AS( "CATCH_CHECK_THROWS_AS", exceptionType, Catch::ResultDisposition::ContinueOnFailure, expr )
        -:11770:#define CATCH_CHECK_THROWS_WITH( expr, matcher ) INTERNAL_CATCH_THROWS_STR_MATCHES( "CATCH_CHECK_THROWS_WITH", Catch::ResultDisposition::ContinueOnFailure, matcher, expr )
        -:11771:#if !defined(CATCH_CONFIG_DISABLE_MATCHERS)
        -:11772:#define CATCH_CHECK_THROWS_MATCHES( expr, exceptionType, matcher ) INTERNAL_CATCH_THROWS_MATCHES( "CATCH_CHECK_THROWS_MATCHES", exceptionType, Catch::ResultDisposition::ContinueOnFailure, matcher, expr )
        -:11773:#endif // CATCH_CONFIG_DISABLE_MATCHERS
        -:11774:#define CATCH_CHECK_NOTHROW( ... ) INTERNAL_CATCH_NO_THROW( "CATCH_CHECK_NOTHROW", Catch::ResultDisposition::ContinueOnFailure, __VA_ARGS__ )
        -:11775:
        -:11776:#if !defined(CATCH_CONFIG_DISABLE_MATCHERS)
        -:11777:#define CATCH_CHECK_THAT( arg, matcher ) INTERNAL_CHECK_THAT( "CATCH_CHECK_THAT", matcher, Catch::ResultDisposition::ContinueOnFailure, arg )
        -:11778:
        -:11779:#define CATCH_REQUIRE_THAT( arg, matcher ) INTERNAL_CHECK_THAT( "CATCH_REQUIRE_THAT", matcher, Catch::ResultDisposition::Normal, arg )
        -:11780:#endif // CATCH_CONFIG_DISABLE_MATCHERS
        -:11781:
        -:11782:#define CATCH_INFO( msg ) INTERNAL_CATCH_INFO( "CATCH_INFO", msg )
        -:11783:#define CATCH_WARN( msg ) INTERNAL_CATCH_MSG( "CATCH_WARN", Catch::ResultWas::Warning, Catch::ResultDisposition::ContinueOnFailure, msg )
        -:11784:#define CATCH_CAPTURE( msg ) INTERNAL_CATCH_INFO( "CATCH_CAPTURE", #msg " := " << ::Catch::Detail::stringify(msg) )
        -:11785:
        -:11786:#define CATCH_TEST_CASE( ... ) INTERNAL_CATCH_TESTCASE( __VA_ARGS__ )
        -:11787:#define CATCH_TEST_CASE_METHOD( className, ... ) INTERNAL_CATCH_TEST_CASE_METHOD( className, __VA_ARGS__ )
        -:11788:#define CATCH_METHOD_AS_TEST_CASE( method, ... ) INTERNAL_CATCH_METHOD_AS_TEST_CASE( method, __VA_ARGS__ )
        -:11789:#define CATCH_REGISTER_TEST_CASE( Function, ... ) INTERNAL_CATCH_REGISTER_TESTCASE( Function, __VA_ARGS__ )
        -:11790:#define CATCH_SECTION( ... ) INTERNAL_CATCH_SECTION( __VA_ARGS__ )
        -:11791:#define CATCH_FAIL( ... ) INTERNAL_CATCH_MSG( "CATCH_FAIL", Catch::ResultWas::ExplicitFailure, Catch::ResultDisposition::Normal, __VA_ARGS__ )
        -:11792:#define CATCH_FAIL_CHECK( ... ) INTERNAL_CATCH_MSG( "CATCH_FAIL_CHECK", Catch::ResultWas::ExplicitFailure, Catch::ResultDisposition::ContinueOnFailure, __VA_ARGS__ )
        -:11793:#define CATCH_SUCCEED( ... ) INTERNAL_CATCH_MSG( "CATCH_SUCCEED", Catch::ResultWas::Ok, Catch::ResultDisposition::ContinueOnFailure, __VA_ARGS__ )
        -:11794:
        -:11795:#define CATCH_ANON_TEST_CASE() INTERNAL_CATCH_TESTCASE()
        -:11796:
        -:11797:// "BDD-style" convenience wrappers
        -:11798:#define CATCH_SCENARIO( ... ) CATCH_TEST_CASE( "Scenario: " __VA_ARGS__ )
        -:11799:#define CATCH_SCENARIO_METHOD( className, ... ) INTERNAL_CATCH_TEST_CASE_METHOD( className, "Scenario: " __VA_ARGS__ )
        -:11800:#define CATCH_GIVEN( desc )    CATCH_SECTION( std::string( "Given: ") + desc )
        -:11801:#define CATCH_WHEN( desc )     CATCH_SECTION( std::string( " When: ") + desc )
        -:11802:#define CATCH_AND_WHEN( desc ) CATCH_SECTION( std::string( "  And: ") + desc )
        -:11803:#define CATCH_THEN( desc )     CATCH_SECTION( std::string( " Then: ") + desc )
        -:11804:#define CATCH_AND_THEN( desc ) CATCH_SECTION( std::string( "  And: ") + desc )
        -:11805:
        -:11806:// If CATCH_CONFIG_PREFIX_ALL is not defined then the CATCH_ prefix is not required
        -:11807:#else
        -:11808:
        -:11809:#define REQUIRE( ... ) INTERNAL_CATCH_TEST( "REQUIRE", Catch::ResultDisposition::Normal, __VA_ARGS__  )
        -:11810:#define REQUIRE_FALSE( ... ) INTERNAL_CATCH_TEST( "REQUIRE_FALSE", Catch::ResultDisposition::Normal | Catch::ResultDisposition::FalseTest, __VA_ARGS__ )
        -:11811:
        -:11812:#define REQUIRE_THROWS( ... ) INTERNAL_CATCH_THROWS( "REQUIRE_THROWS", Catch::ResultDisposition::Normal, __VA_ARGS__ )
        -:11813:#define REQUIRE_THROWS_AS( expr, exceptionType ) INTERNAL_CATCH_THROWS_AS( "REQUIRE_THROWS_AS", exceptionType, Catch::ResultDisposition::Normal, expr )
        -:11814:#define REQUIRE_THROWS_WITH( expr, matcher ) INTERNAL_CATCH_THROWS_STR_MATCHES( "REQUIRE_THROWS_WITH", Catch::ResultDisposition::Normal, matcher, expr )
        -:11815:#if !defined(CATCH_CONFIG_DISABLE_MATCHERS)
        -:11816:#define REQUIRE_THROWS_MATCHES( expr, exceptionType, matcher ) INTERNAL_CATCH_THROWS_MATCHES( "REQUIRE_THROWS_MATCHES", exceptionType, Catch::ResultDisposition::Normal, matcher, expr )
        -:11817:#endif // CATCH_CONFIG_DISABLE_MATCHERS
        -:11818:#define REQUIRE_NOTHROW( ... ) INTERNAL_CATCH_NO_THROW( "REQUIRE_NOTHROW", Catch::ResultDisposition::Normal, __VA_ARGS__ )
        -:11819:
        -:11820:#define CHECK( ... ) INTERNAL_CATCH_TEST( "CHECK", Catch::ResultDisposition::ContinueOnFailure, __VA_ARGS__ )
        -:11821:#define CHECK_FALSE( ... ) INTERNAL_CATCH_TEST( "CHECK_FALSE", Catch::ResultDisposition::ContinueOnFailure | Catch::ResultDisposition::FalseTest, __VA_ARGS__ )
        -:11822:#define CHECKED_IF( ... ) INTERNAL_CATCH_IF( "CHECKED_IF", Catch::ResultDisposition::ContinueOnFailure, __VA_ARGS__ )
        -:11823:#define CHECKED_ELSE( ... ) INTERNAL_CATCH_ELSE( "CHECKED_ELSE", Catch::ResultDisposition::ContinueOnFailure, __VA_ARGS__ )
        -:11824:#define CHECK_NOFAIL( ... ) INTERNAL_CATCH_TEST( "CHECK_NOFAIL", Catch::ResultDisposition::ContinueOnFailure | Catch::ResultDisposition::SuppressFail, __VA_ARGS__ )
        -:11825:
        -:11826:#define CHECK_THROWS( ... )  INTERNAL_CATCH_THROWS( "CHECK_THROWS", Catch::ResultDisposition::ContinueOnFailure, __VA_ARGS__ )
        -:11827:#define CHECK_THROWS_AS( expr, exceptionType ) INTERNAL_CATCH_THROWS_AS( "CHECK_THROWS_AS", exceptionType, Catch::ResultDisposition::ContinueOnFailure, expr )
        -:11828:#define CHECK_THROWS_WITH( expr, matcher ) INTERNAL_CATCH_THROWS_STR_MATCHES( "CHECK_THROWS_WITH", Catch::ResultDisposition::ContinueOnFailure, matcher, expr )
        -:11829:#if !defined(CATCH_CONFIG_DISABLE_MATCHERS)
        -:11830:#define CHECK_THROWS_MATCHES( expr, exceptionType, matcher ) INTERNAL_CATCH_THROWS_MATCHES( "CHECK_THROWS_MATCHES", exceptionType, Catch::ResultDisposition::ContinueOnFailure, matcher, expr )
        -:11831:#endif // CATCH_CONFIG_DISABLE_MATCHERS
        -:11832:#define CHECK_NOTHROW( ... ) INTERNAL_CATCH_NO_THROW( "CHECK_NOTHROW", Catch::ResultDisposition::ContinueOnFailure, __VA_ARGS__ )
        -:11833:
        -:11834:#if !defined(CATCH_CONFIG_DISABLE_MATCHERS)
        -:11835:#define CHECK_THAT( arg, matcher ) INTERNAL_CHECK_THAT( "CHECK_THAT", matcher, Catch::ResultDisposition::ContinueOnFailure, arg )
        -:11836:
        -:11837:#define REQUIRE_THAT( arg, matcher ) INTERNAL_CHECK_THAT( "REQUIRE_THAT", matcher, Catch::ResultDisposition::Normal, arg )
        -:11838:#endif // CATCH_CONFIG_DISABLE_MATCHERS
        -:11839:
        -:11840:#define INFO( msg ) INTERNAL_CATCH_INFO( "INFO", msg )
        -:11841:#define WARN( msg ) INTERNAL_CATCH_MSG( "WARN", Catch::ResultWas::Warning, Catch::ResultDisposition::ContinueOnFailure, msg )
        -:11842:#define CAPTURE( msg ) INTERNAL_CATCH_INFO( "CAPTURE", #msg " := " << ::Catch::Detail::stringify(msg) )
        -:11843:
        -:11844:#define TEST_CASE( ... ) INTERNAL_CATCH_TESTCASE( __VA_ARGS__ )
        -:11845:#define TEST_CASE_METHOD( className, ... ) INTERNAL_CATCH_TEST_CASE_METHOD( className, __VA_ARGS__ )
        -:11846:#define METHOD_AS_TEST_CASE( method, ... ) INTERNAL_CATCH_METHOD_AS_TEST_CASE( method, __VA_ARGS__ )
        -:11847:#define REGISTER_TEST_CASE( Function, ... ) INTERNAL_CATCH_REGISTER_TESTCASE( Function, __VA_ARGS__ )
        -:11848:#define SECTION( ... ) INTERNAL_CATCH_SECTION( __VA_ARGS__ )
        -:11849:#define FAIL( ... ) INTERNAL_CATCH_MSG( "FAIL", Catch::ResultWas::ExplicitFailure, Catch::ResultDisposition::Normal, __VA_ARGS__ )
        -:11850:#define FAIL_CHECK( ... ) INTERNAL_CATCH_MSG( "FAIL_CHECK", Catch::ResultWas::ExplicitFailure, Catch::ResultDisposition::ContinueOnFailure, __VA_ARGS__ )
        -:11851:#define SUCCEED( ... ) INTERNAL_CATCH_MSG( "SUCCEED", Catch::ResultWas::Ok, Catch::ResultDisposition::ContinueOnFailure, __VA_ARGS__ )
        -:11852:#define ANON_TEST_CASE() INTERNAL_CATCH_TESTCASE()
        -:11853:
        -:11854:#endif
        -:11855:
        -:11856:#define CATCH_TRANSLATE_EXCEPTION( signature ) INTERNAL_CATCH_TRANSLATE_EXCEPTION( signature )
        -:11857:
        -:11858:// "BDD-style" convenience wrappers
        -:11859:#define SCENARIO( ... ) TEST_CASE( "Scenario: " __VA_ARGS__ )
        -:11860:#define SCENARIO_METHOD( className, ... ) INTERNAL_CATCH_TEST_CASE_METHOD( className, "Scenario: " __VA_ARGS__ )
        -:11861:
        -:11862:#define GIVEN( desc )    SECTION( std::string("   Given: ") + desc )
        -:11863:#define WHEN( desc )     SECTION( std::string("    When: ") + desc )
        -:11864:#define AND_WHEN( desc ) SECTION( std::string("And when: ") + desc )
        -:11865:#define THEN( desc )     SECTION( std::string("    Then: ") + desc )
        -:11866:#define AND_THEN( desc ) SECTION( std::string("     And: ") + desc )
        -:11867:
        -:11868:using Catch::Detail::Approx;
        -:11869:
        -:11870:#else
        -:11871://////
        -:11872:// If this config identifier is defined then all CATCH macros are prefixed with CATCH_
        -:11873:#ifdef CATCH_CONFIG_PREFIX_ALL
        -:11874:
        -:11875:#define CATCH_REQUIRE( ... )        (void)(0)
        -:11876:#define CATCH_REQUIRE_FALSE( ... )  (void)(0)
        -:11877:
        -:11878:#define CATCH_REQUIRE_THROWS( ... ) (void)(0)
        -:11879:#define CATCH_REQUIRE_THROWS_AS( expr, exceptionType ) (void)(0)
        -:11880:#define CATCH_REQUIRE_THROWS_WITH( expr, matcher )     (void)(0)
        -:11881:#if !defined(CATCH_CONFIG_DISABLE_MATCHERS)
        -:11882:#define CATCH_REQUIRE_THROWS_MATCHES( expr, exceptionType, matcher ) (void)(0)
        -:11883:#endif// CATCH_CONFIG_DISABLE_MATCHERS
        -:11884:#define CATCH_REQUIRE_NOTHROW( ... ) (void)(0)
        -:11885:
        -:11886:#define CATCH_CHECK( ... )         (void)(0)
        -:11887:#define CATCH_CHECK_FALSE( ... )   (void)(0)
        -:11888:#define CATCH_CHECKED_IF( ... )    if (__VA_ARGS__)
        -:11889:#define CATCH_CHECKED_ELSE( ... )  if (!(__VA_ARGS__))
        -:11890:#define CATCH_CHECK_NOFAIL( ... )  (void)(0)
        -:11891:
        -:11892:#define CATCH_CHECK_THROWS( ... )  (void)(0)
        -:11893:#define CATCH_CHECK_THROWS_AS( expr, exceptionType ) (void)(0)
        -:11894:#define CATCH_CHECK_THROWS_WITH( expr, matcher )     (void)(0)
        -:11895:#if !defined(CATCH_CONFIG_DISABLE_MATCHERS)
        -:11896:#define CATCH_CHECK_THROWS_MATCHES( expr, exceptionType, matcher ) (void)(0)
        -:11897:#endif // CATCH_CONFIG_DISABLE_MATCHERS
        -:11898:#define CATCH_CHECK_NOTHROW( ... ) (void)(0)
        -:11899:
        -:11900:#if !defined(CATCH_CONFIG_DISABLE_MATCHERS)
        -:11901:#define CATCH_CHECK_THAT( arg, matcher )   (void)(0)
        -:11902:
        -:11903:#define CATCH_REQUIRE_THAT( arg, matcher ) (void)(0)
        -:11904:#endif // CATCH_CONFIG_DISABLE_MATCHERS
        -:11905:
        -:11906:#define CATCH_INFO( msg )    (void)(0)
        -:11907:#define CATCH_WARN( msg )    (void)(0)
        -:11908:#define CATCH_CAPTURE( msg ) (void)(0)
        -:11909:
        -:11910:#define CATCH_TEST_CASE( ... ) INTERNAL_CATCH_TESTCASE_NO_REGISTRATION(INTERNAL_CATCH_UNIQUE_NAME( ____C_A_T_C_H____T_E_S_T____ ))
        -:11911:#define CATCH_TEST_CASE_METHOD( className, ... ) INTERNAL_CATCH_TESTCASE_NO_REGISTRATION(INTERNAL_CATCH_UNIQUE_NAME( ____C_A_T_C_H____T_E_S_T____ ))
        -:11912:#define CATCH_METHOD_AS_TEST_CASE( method, ... )
        -:11913:#define CATCH_REGISTER_TEST_CASE( Function, ... ) (void)(0)
        -:11914:#define CATCH_SECTION( ... )
        -:11915:#define CATCH_FAIL( ... ) (void)(0)
        -:11916:#define CATCH_FAIL_CHECK( ... ) (void)(0)
        -:11917:#define CATCH_SUCCEED( ... ) (void)(0)
        -:11918:
        -:11919:#define CATCH_ANON_TEST_CASE() INTERNAL_CATCH_TESTCASE_NO_REGISTRATION(INTERNAL_CATCH_UNIQUE_NAME( ____C_A_T_C_H____T_E_S_T____ ))
        -:11920:
        -:11921:// "BDD-style" convenience wrappers
        -:11922:#define CATCH_SCENARIO( ... ) INTERNAL_CATCH_TESTCASE_NO_REGISTRATION(INTERNAL_CATCH_UNIQUE_NAME( ____C_A_T_C_H____T_E_S_T____ ))
        -:11923:#define CATCH_SCENARIO_METHOD( className, ... ) INTERNAL_CATCH_TESTCASE_METHOD_NO_REGISTRATION(INTERNAL_CATCH_UNIQUE_NAME( ____C_A_T_C_H____T_E_S_T____ ), className )
        -:11924:#define CATCH_GIVEN( desc )
        -:11925:#define CATCH_WHEN( desc )
        -:11926:#define CATCH_AND_WHEN( desc )
        -:11927:#define CATCH_THEN( desc )
        -:11928:#define CATCH_AND_THEN( desc )
        -:11929:
        -:11930:// If CATCH_CONFIG_PREFIX_ALL is not defined then the CATCH_ prefix is not required
        -:11931:#else
        -:11932:
        -:11933:#define REQUIRE( ... )       (void)(0)
        -:11934:#define REQUIRE_FALSE( ... ) (void)(0)
        -:11935:
        -:11936:#define REQUIRE_THROWS( ... ) (void)(0)
        -:11937:#define REQUIRE_THROWS_AS( expr, exceptionType ) (void)(0)
        -:11938:#define REQUIRE_THROWS_WITH( expr, matcher ) (void)(0)
        -:11939:#if !defined(CATCH_CONFIG_DISABLE_MATCHERS)
        -:11940:#define REQUIRE_THROWS_MATCHES( expr, exceptionType, matcher ) (void)(0)
        -:11941:#endif // CATCH_CONFIG_DISABLE_MATCHERS
        -:11942:#define REQUIRE_NOTHROW( ... ) (void)(0)
        -:11943:
        -:11944:#define CHECK( ... ) (void)(0)
        -:11945:#define CHECK_FALSE( ... ) (void)(0)
        -:11946:#define CHECKED_IF( ... ) if (__VA_ARGS__)
        -:11947:#define CHECKED_ELSE( ... ) if (!(__VA_ARGS__))
        -:11948:#define CHECK_NOFAIL( ... ) (void)(0)
        -:11949:
        -:11950:#define CHECK_THROWS( ... )  (void)(0)
        -:11951:#define CHECK_THROWS_AS( expr, exceptionType ) (void)(0)
        -:11952:#define CHECK_THROWS_WITH( expr, matcher ) (void)(0)
        -:11953:#if !defined(CATCH_CONFIG_DISABLE_MATCHERS)
        -:11954:#define CHECK_THROWS_MATCHES( expr, exceptionType, matcher ) (void)(0)
        -:11955:#endif // CATCH_CONFIG_DISABLE_MATCHERS
        -:11956:#define CHECK_NOTHROW( ... ) (void)(0)
        -:11957:
        -:11958:#if !defined(CATCH_CONFIG_DISABLE_MATCHERS)
        -:11959:#define CHECK_THAT( arg, matcher ) (void)(0)
        -:11960:
        -:11961:#define REQUIRE_THAT( arg, matcher ) (void)(0)
        -:11962:#endif // CATCH_CONFIG_DISABLE_MATCHERS
        -:11963:
        -:11964:#define INFO( msg ) (void)(0)
        -:11965:#define WARN( msg ) (void)(0)
        -:11966:#define CAPTURE( msg ) (void)(0)
        -:11967:
        -:11968:#define TEST_CASE( ... )  INTERNAL_CATCH_TESTCASE_NO_REGISTRATION(INTERNAL_CATCH_UNIQUE_NAME( ____C_A_T_C_H____T_E_S_T____ ))
        -:11969:#define TEST_CASE_METHOD( className, ... ) INTERNAL_CATCH_TESTCASE_NO_REGISTRATION(INTERNAL_CATCH_UNIQUE_NAME( ____C_A_T_C_H____T_E_S_T____ ))
        -:11970:#define METHOD_AS_TEST_CASE( method, ... )
        -:11971:#define REGISTER_TEST_CASE( Function, ... ) (void)(0)
        -:11972:#define SECTION( ... )
        -:11973:#define FAIL( ... ) (void)(0)
        -:11974:#define FAIL_CHECK( ... ) (void)(0)
        -:11975:#define SUCCEED( ... ) (void)(0)
        -:11976:#define ANON_TEST_CASE() INTERNAL_CATCH_TESTCASE_NO_REGISTRATION(INTERNAL_CATCH_UNIQUE_NAME( ____C_A_T_C_H____T_E_S_T____ ))
        -:11977:
        -:11978:#endif
        -:11979:
        -:11980:#define CATCH_TRANSLATE_EXCEPTION( signature ) INTERNAL_CATCH_TRANSLATE_EXCEPTION_NO_REG( INTERNAL_CATCH_UNIQUE_NAME( catch_internal_ExceptionTranslator ), signature )
        -:11981:
        -:11982:// "BDD-style" convenience wrappers
        -:11983:#define SCENARIO( ... ) INTERNAL_CATCH_TESTCASE_NO_REGISTRATION(INTERNAL_CATCH_UNIQUE_NAME( ____C_A_T_C_H____T_E_S_T____ ) )
        -:11984:#define SCENARIO_METHOD( className, ... ) INTERNAL_CATCH_TESTCASE_METHOD_NO_REGISTRATION(INTERNAL_CATCH_UNIQUE_NAME( ____C_A_T_C_H____T_E_S_T____ ), className )
        -:11985:
        -:11986:#define GIVEN( desc )
        -:11987:#define WHEN( desc )
        -:11988:#define AND_WHEN( desc )
        -:11989:#define THEN( desc )
        -:11990:#define AND_THEN( desc )
        -:11991:
        -:11992:using Catch::Detail::Approx;
        -:11993:
        -:11994:#endif
        -:11995:
        -:11996:// start catch_reenable_warnings.h
        -:11997:
        -:11998:
        -:11999:#ifdef __clang__
        -:12000:#    ifdef __ICC // icpc defines the __clang__ macro
        -:12001:#        pragma warning(pop)
        -:12002:#    else
        -:12003:#        pragma clang diagnostic pop
        -:12004:#    endif
        -:12005:#elif defined __GNUC__
        -:12006:#    pragma GCC diagnostic pop
        -:12007:#endif
        -:12008:
        -:12009:// end catch_reenable_warnings.h
        -:12010:// end catch.hpp
        -:12011:#endif // TWOBLUECUBES_SINGLE_INCLUDE_CATCH_HPP_INCLUDED
