        -:    0:Source:test/test-blockchain.cpp
        -:    0:Programs:5
        -:    1:#include "catch.hpp"
        -:    2:
        -:    3:#include "blockchain.hpp"
        -:    4:#include "block.hpp"
        -:    5:#include "data.hpp"
        -:    6:#include "keys.hpp"
        -:    7:
        2:    8:TEST_CASE( "blockchain tests", "[blockchain]" ){
        2:    9:	std::shared_ptr<BlockChain> blockchain(new BlockChain());
        -:   10:
        2:   11:	SECTION( "blockchain can mine a valid block" ){
        2:   12:		std::shared_ptr<Block> block(new Block());
        1:   13:		std::string hash = blockchain->mine( block );
        -:   14:		
        -:   15:	}
        4:   16:}
