        -:    0:Source:test/test-main.cpp
        -:    0:Programs:5
        -:    1:#define CATCH_CONFIG_RUNNER
        -:    2:#include "catch.hpp"
        -:    3:
        1:    4:int main( int argc, char* argv[] ){
        -:    5:	// There must be exactly one instance of Session
        2:    6:	Catch::Session session;
        -:    7:
        -:    8:	// writing to session.configData() here sets defaults
        -:    9:	// this is the preferred way to set them
        1:   10:	int code = session.applyCommandLine( argc, argv );
        1:   11:	if( code != 0 )
    #####:   12:		return code;
        -:   13:
        -:   14:	// writing to session.configData() or session.Config() here
        -:   15:	// overrides command line args
        1:   16:	int failed = session.run();
        1:   17:	return failed;
        3:   18:}
